<?xml version="1.0" encoding="UTF-8"?>
<coverage generated="1537363792200" clover="3.2.0">
  <project timestamp="1537363792200" name="All files">
    <metrics statements="44" coveredstatements="34" conditionals="3785" coveredconditionals="601" methods="780" coveredmethods="160" elements="4609" coveredelements="795" complexity="0" loc="44" ncloc="44" packages="3" files="5" classes="5">
      <package name="papet_booking">
        <metrics statements="9" coveredstatements="4" conditionals="4" coveredconditionals="3" methods="3" coveredmethods="1"/>
        <file name="index.js" path="/Applications/MAMP/htdocs/gobelins/resa/papet_booking/index.js">
          <metrics statements="9" coveredstatements="4" conditionals="4" coveredconditionals="3" methods="3" coveredmethods="1"/>
          <line num="2" count="1" type="stmt"/>
          <line num="6" count="0" type="stmt"/>
          <line num="7" count="0" type="stmt"/>
          <line num="8" count="0" type="stmt"/>
          <line num="9" count="0" type="stmt"/>
          <line num="11" count="0" type="stmt"/>
          <line num="14" count="1" type="cond" truecount="3" falsecount="1"/>
          <line num="15" count="1" type="stmt"/>
          <line num="16" count="1" type="stmt"/>
        </file>
      </package>
      <package name="papet_booking.js">
        <metrics statements="2" coveredstatements="2" conditionals="3756" coveredconditionals="580" methods="766" coveredmethods="152"/>
        <file name="jquery.min.js" path="/Applications/MAMP/htdocs/gobelins/resa/papet_booking/js/jquery.min.js">
          <metrics statements="1" coveredstatements="1" conditionals="3215" coveredconditionals="536" methods="592" coveredmethods="122"/>
          <line num="2" count="400" type="cond" truecount="536" falsecount="2679"/>
        </file>
        <file name="underscore.min.js" path="/Applications/MAMP/htdocs/gobelins/resa/papet_booking/js/underscore.min.js">
          <metrics statements="1" coveredstatements="1" conditionals="541" coveredconditionals="44" methods="174" coveredmethods="30"/>
          <line num="5" count="334" type="cond" truecount="44" falsecount="497"/>
        </file>
      </package>
      <package name="papet_booking.js.modules">
        <metrics statements="33" coveredstatements="28" conditionals="25" coveredconditionals="18" methods="11" coveredmethods="7"/>
        <file name="booking.js" path="/Applications/MAMP/htdocs/gobelins/resa/papet_booking/js/modules/booking.js">
          <metrics statements="15" coveredstatements="12" conditionals="10" coveredconditionals="7" methods="5" coveredmethods="3"/>
          <line num="1" count="1" type="cond" truecount="3" falsecount="1"/>
          <line num="2" count="1" type="stmt"/>
          <line num="3" count="1" type="stmt"/>
          <line num="7" count="1" type="stmt"/>
          <line num="10" count="1" type="cond" truecount="1" falsecount="1"/>
          <line num="11" count="1" type="stmt"/>
          <line num="14" count="1" type="stmt"/>
          <line num="15" count="1" type="stmt"/>
          <line num="16" count="3" type="stmt"/>
          <line num="20" count="0" type="stmt"/>
          <line num="23" count="0" type="stmt"/>
          <line num="27" count="1" type="stmt"/>
          <line num="31" count="1" type="cond" truecount="3" falsecount="1"/>
          <line num="32" count="1" type="stmt"/>
          <line num="35" count="0" type="stmt"/>
        </file>
        <file name="booking.util.js" path="/Applications/MAMP/htdocs/gobelins/resa/papet_booking/js/modules/booking.util.js">
          <metrics statements="18" coveredstatements="16" conditionals="15" coveredconditionals="11" methods="6" coveredmethods="4"/>
          <line num="1" count="1" type="cond" truecount="3" falsecount="1"/>
          <line num="2" count="1" type="stmt"/>
          <line num="3" count="1" type="stmt"/>
          <line num="7" count="1" type="stmt"/>
          <line num="10" count="1" type="stmt"/>
          <line num="11" count="1" type="cond" truecount="1" falsecount="1"/>
          <line num="12" count="1" type="stmt"/>
          <line num="13" count="1" type="stmt"/>
          <line num="16" count="1" type="stmt"/>
          <line num="17" count="3" type="stmt"/>
          <line num="18" count="6" type="cond" truecount="3" falsecount="0"/>
          <line num="20" count="3" type="cond" truecount="1" falsecount="1"/>
          <line num="21" count="3" type="stmt"/>
          <line num="25" count="0" type="stmt"/>
          <line num="28" count="0" type="stmt"/>
          <line num="32" count="1" type="stmt"/>
          <line num="36" count="1" type="cond" truecount="3" falsecount="1"/>
          <line num="37" count="1" type="stmt"/>
        </file>
      </package>
    </metrics>
  </project>
</coverage>
