<?xml version="1.0" encoding="UTF-8"?>
<coverage generated="1537356076471" clover="3.2.0">
  <project timestamp="1537356076471" name="All files">
    <metrics statements="9" coveredstatements="4" conditionals="4" coveredconditionals="3" methods="3" coveredmethods="1" elements="16" coveredelements="8" complexity="0" loc="9" ncloc="9" packages="1" files="1" classes="1">
      <file name="index.js" path="/Applications/MAMP/htdocs/gobelins/resa/papet_booking/index.js">
        <metrics statements="9" coveredstatements="4" conditionals="4" coveredconditionals="3" methods="3" coveredmethods="1"/>
        <line num="2" count="1" type="stmt"/>
        <line num="6" count="0" type="stmt"/>
        <line num="7" count="0" type="stmt"/>
        <line num="8" count="0" type="stmt"/>
        <line num="9" count="0" type="stmt"/>
        <line num="11" count="0" type="stmt"/>
        <line num="14" count="1" type="cond" truecount="3" falsecount="1"/>
        <line num="15" count="1" type="stmt"/>
        <line num="16" count="1" type="stmt"/>
      </file>
    </metrics>
  </project>
</coverage>
