{"/Applications/MAMP/htdocs/gobelins/resa/papet_booking/index.js": {"path":"/Applications/MAMP/htdocs/gobelins/resa/papet_booking/index.js","statementMap":{"0":{"start":{"line":2,"column":4},"end":{"line":2,"column":17}},"1":{"start":{"line":6,"column":17},"end":{"line":6,"column":37}},"2":{"start":{"line":7,"column":4},"end":{"line":7,"column":41}},"3":{"start":{"line":8,"column":4},"end":{"line":10,"column":6}},"4":{"start":{"line":9,"column":8},"end":{"line":9,"column":41}},"5":{"start":{"line":11,"column":4},"end":{"line":11,"column":18}},"6":{"start":{"line":14,"column":0},"end":{"line":17,"column":1}},"7":{"start":{"line":15,"column":4},"end":{"line":15,"column":29}},"8":{"start":{"line":16,"column":4},"end":{"line":16,"column":39}}},"fnMap":{"0":{"name":"sum","decl":{"start":{"line":1,"column":9},"end":{"line":1,"column":12}},"loc":{"start":{"line":1,"column":19},"end":{"line":3,"column":1}},"line":1},"1":{"name":"loadData","decl":{"start":{"line":5,"column":9},"end":{"line":5,"column":17}},"loc":{"start":{"line":5,"column":20},"end":{"line":12,"column":1}},"line":5},"2":{"name":"(anonymous_2)","decl":{"start":{"line":8,"column":32},"end":{"line":8,"column":33}},"loc":{"start":{"line":8,"column":43},"end":{"line":10,"column":5}},"line":8}},"branchMap":{"0":{"loc":{"start":{"line":14,"column":0},"end":{"line":17,"column":1}},"type":"if","locations":[{"start":{"line":14,"column":0},"end":{"line":17,"column":1}},{"start":{"line":14,"column":0},"end":{"line":17,"column":1}}],"line":14},"1":{"loc":{"start":{"line":14,"column":4},"end":{"line":14,"column":74}},"type":"binary-expr","locations":[{"start":{"line":14,"column":4},"end":{"line":14,"column":33}},{"start":{"line":14,"column":37},"end":{"line":14,"column":74}}],"line":14}},"s":{"0":1,"1":0,"2":0,"3":0,"4":0,"5":0,"6":1,"7":1,"8":1},"f":{"0":1,"1":0,"2":0},"b":{"0":[1,0],"1":[1,1]},"_coverageSchema":"332fd63041d2c1bcb487cc26dd0d5f7d97098a6c","hash":"150c73f831a1f246a2c8eb29c23c119d4ae776e9"}
,"/Applications/MAMP/htdocs/gobelins/resa/papet_booking/js/jquery.min.js": {"path":"/Applications/MAMP/htdocs/gobelins/resa/papet_booking/js/jquery.min.js","statementMap":{"0":{"start":{"line":2,"column":0},"end":{"line":2,"column":86841}},"1":{"start":{"line":2,"column":28},"end":{"line":2,"column":223}},"2":{"start":{"line":2,"column":131},"end":{"line":2,"column":206}},"3":{"start":{"line":2,"column":146},"end":{"line":2,"column":206}},"4":{"start":{"line":2,"column":206},"end":{"line":2,"column":217}},"5":{"start":{"line":2,"column":297},"end":{"line":2,"column":299}},"6":{"start":{"line":2,"column":302},"end":{"line":2,"column":312}},"7":{"start":{"line":2,"column":315},"end":{"line":2,"column":336}},"8":{"start":{"line":2,"column":339},"end":{"line":2,"column":346}},"9":{"start":{"line":2,"column":349},"end":{"line":2,"column":357}},"10":{"start":{"line":2,"column":360},"end":{"line":2,"column":366}},"11":{"start":{"line":2,"column":369},"end":{"line":2,"column":378}},"12":{"start":{"line":2,"column":381},"end":{"line":2,"column":383}},"13":{"start":{"line":2,"column":386},"end":{"line":2,"column":396}},"14":{"start":{"line":2,"column":399},"end":{"line":2,"column":415}},"15":{"start":{"line":2,"column":418},"end":{"line":2,"column":428}},"16":{"start":{"line":2,"column":431},"end":{"line":2,"column":445}},"17":{"start":{"line":2,"column":448},"end":{"line":2,"column":450}},"18":{"start":{"line":2,"column":453},"end":{"line":2,"column":523}},"19":{"start":{"line":2,"column":467},"end":{"line":2,"column":522}},"20":{"start":{"line":2,"column":526},"end":{"line":2,"column":569}},"21":{"start":{"line":2,"column":540},"end":{"line":2,"column":568}},"22":{"start":{"line":2,"column":572},"end":{"line":2,"column":600}},"23":{"start":{"line":2,"column":627},"end":{"line":2,"column":659}},"24":{"start":{"line":2,"column":660},"end":{"line":2,"column":703}},"25":{"start":{"line":2,"column":674},"end":{"line":2,"column":703}},"26":{"start":{"line":2,"column":685},"end":{"line":2,"column":703}},"27":{"start":{"line":2,"column":703},"end":{"line":2,"column":750}},"28":{"start":{"line":2,"column":765},"end":{"line":2,"column":857}},"29":{"start":{"line":2,"column":864},"end":{"line":2,"column":871}},"30":{"start":{"line":2,"column":874},"end":{"line":2,"column":914}},"31":{"start":{"line":2,"column":888},"end":{"line":2,"column":913}},"32":{"start":{"line":2,"column":917},"end":{"line":2,"column":953}},"33":{"start":{"line":2,"column":954},"end":{"line":2,"column":3493}},"34":{"start":{"line":2,"column":1029},"end":{"line":2,"column":1048}},"35":{"start":{"line":2,"column":1066},"end":{"line":2,"column":1125}},"36":{"start":{"line":2,"column":1155},"end":{"line":2,"column":1184}},"37":{"start":{"line":2,"column":1185},"end":{"line":2,"column":1211}},"38":{"start":{"line":2,"column":1230},"end":{"line":2,"column":1251}},"39":{"start":{"line":2,"column":1269},"end":{"line":2,"column":1339}},"40":{"start":{"line":2,"column":1316},"end":{"line":2,"column":1336}},"41":{"start":{"line":2,"column":1358},"end":{"line":2,"column":1404}},"42":{"start":{"line":2,"column":1423},"end":{"line":2,"column":1440}},"43":{"start":{"line":2,"column":1458},"end":{"line":2,"column":1476}},"44":{"start":{"line":2,"column":1499},"end":{"line":2,"column":1510}},"45":{"start":{"line":2,"column":1513},"end":{"line":2,"column":1525}},"46":{"start":{"line":2,"column":1526},"end":{"line":2,"column":1571}},"47":{"start":{"line":2,"column":1588},"end":{"line":2,"column":1630}},"48":{"start":{"line":2,"column":1718},"end":{"line":2,"column":1734}},"49":{"start":{"line":2,"column":1737},"end":{"line":2,"column":1738}},"50":{"start":{"line":2,"column":1741},"end":{"line":2,"column":1757}},"51":{"start":{"line":2,"column":1760},"end":{"line":2,"column":1762}},"52":{"start":{"line":2,"column":1763},"end":{"line":2,"column":2096}},"53":{"start":{"line":2,"column":1878},"end":{"line":2,"column":2096}},"54":{"start":{"line":2,"column":1904},"end":{"line":2,"column":2096}},"55":{"start":{"line":2,"column":1915},"end":{"line":2,"column":2096}},"56":{"start":{"line":2,"column":2096},"end":{"line":2,"column":2104}},"57":{"start":{"line":2,"column":2204},"end":{"line":2,"column":2222}},"58":{"start":{"line":2,"column":2276},"end":{"line":2,"column":2408}},"59":{"start":{"line":2,"column":2442},"end":{"line":2,"column":2462}},"60":{"start":{"line":2,"column":2453},"end":{"line":2,"column":2462}},"61":{"start":{"line":2,"column":2462},"end":{"line":2,"column":2470}},"62":{"start":{"line":2,"column":2495},"end":{"line":2,"column":2499}},"63":{"start":{"line":2,"column":2528},"end":{"line":2,"column":2529}},"64":{"start":{"line":2,"column":2530},"end":{"line":2,"column":2646}},"65":{"start":{"line":2,"column":2539},"end":{"line":2,"column":2595}},"66":{"start":{"line":2,"column":2562},"end":{"line":2,"column":2595}},"67":{"start":{"line":2,"column":2590},"end":{"line":2,"column":2595}},"68":{"start":{"line":2,"column":2601},"end":{"line":2,"column":2646}},"69":{"start":{"line":2,"column":2612},"end":{"line":2,"column":2646}},"70":{"start":{"line":2,"column":2640},"end":{"line":2,"column":2646}},"71":{"start":{"line":2,"column":2646},"end":{"line":2,"column":2654}},"72":{"start":{"line":2,"column":2673},"end":{"line":2,"column":2711}},"73":{"start":{"line":2,"column":2743},"end":{"line":2,"column":2748}},"74":{"start":{"line":2,"column":2749},"end":{"line":2,"column":2829}},"75":{"start":{"line":2,"column":2855},"end":{"line":2,"column":2886}},"76":{"start":{"line":2,"column":2908},"end":{"line":2,"column":2963}},"77":{"start":{"line":2,"column":2951},"end":{"line":2,"column":2963}},"78":{"start":{"line":2,"column":2963},"end":{"line":2,"column":2982}},"79":{"start":{"line":2,"column":3005},"end":{"line":2,"column":3081}},"80":{"start":{"line":2,"column":3048},"end":{"line":2,"column":3081}},"81":{"start":{"line":2,"column":3081},"end":{"line":2,"column":3089}},"82":{"start":{"line":2,"column":3121},"end":{"line":2,"column":3122}},"83":{"start":{"line":2,"column":3125},"end":{"line":2,"column":3127}},"84":{"start":{"line":2,"column":3128},"end":{"line":2,"column":3241}},"85":{"start":{"line":2,"column":3136},"end":{"line":2,"column":3192}},"86":{"start":{"line":2,"column":3159},"end":{"line":2,"column":3192}},"87":{"start":{"line":2,"column":3197},"end":{"line":2,"column":3241}},"88":{"start":{"line":2,"column":3208},"end":{"line":2,"column":3241}},"89":{"start":{"line":2,"column":3241},"end":{"line":2,"column":3261}},"90":{"start":{"line":2,"column":3455},"end":{"line":2,"column":3490}},"91":{"start":{"line":2,"column":3513},"end":{"line":2,"column":3540}},"92":{"start":{"line":2,"column":3543},"end":{"line":2,"column":3547}},"93":{"start":{"line":2,"column":3548},"end":{"line":2,"column":3623}},"94":{"start":{"line":2,"column":3630},"end":{"line":2,"column":23193}},"95":{"start":{"line":2,"column":3686},"end":{"line":2,"column":3705}},"96":{"start":{"line":2,"column":3708},"end":{"line":2,"column":3718}},"97":{"start":{"line":2,"column":3721},"end":{"line":2,"column":3722}},"98":{"start":{"line":2,"column":3725},"end":{"line":2,"column":3726}},"99":{"start":{"line":2,"column":3729},"end":{"line":2,"column":3733}},"100":{"start":{"line":2,"column":3736},"end":{"line":2,"column":3740}},"101":{"start":{"line":2,"column":3743},"end":{"line":2,"column":3747}},"102":{"start":{"line":2,"column":3750},"end":{"line":2,"column":3787}},"103":{"start":{"line":2,"column":3764},"end":{"line":2,"column":3786}},"104":{"start":{"line":2,"column":3790},"end":{"line":2,"column":3807}},"105":{"start":{"line":2,"column":3810},"end":{"line":2,"column":3812}},"106":{"start":{"line":2,"column":3815},"end":{"line":2,"column":3820}},"107":{"start":{"line":2,"column":3823},"end":{"line":2,"column":3829}},"108":{"start":{"line":2,"column":3832},"end":{"line":2,"column":3838}},"109":{"start":{"line":2,"column":3841},"end":{"line":2,"column":3848}},"110":{"start":{"line":2,"column":3851},"end":{"line":2,"column":3926}},"111":{"start":{"line":2,"column":3865},"end":{"line":2,"column":3917}},"112":{"start":{"line":2,"column":3896},"end":{"line":2,"column":3917}},"113":{"start":{"line":2,"column":3908},"end":{"line":2,"column":3917}},"114":{"start":{"line":2,"column":3917},"end":{"line":2,"column":3925}},"115":{"start":{"line":2,"column":3929},"end":{"line":2,"column":4053}},"116":{"start":{"line":2,"column":4056},"end":{"line":2,"column":4077}},"117":{"start":{"line":2,"column":4080},"end":{"line":2,"column":4111}},"118":{"start":{"line":2,"column":4114},"end":{"line":2,"column":4232}},"119":{"start":{"line":2,"column":4235},"end":{"line":2,"column":4346}},"120":{"start":{"line":2,"column":4349},"end":{"line":2,"column":4370}},"121":{"start":{"line":2,"column":4373},"end":{"line":2,"column":4431}},"122":{"start":{"line":2,"column":4434},"end":{"line":2,"column":4462}},"123":{"start":{"line":2,"column":4465},"end":{"line":2,"column":4505}},"124":{"start":{"line":2,"column":4508},"end":{"line":2,"column":4555}},"125":{"start":{"line":2,"column":4558},"end":{"line":2,"column":4571}},"126":{"start":{"line":2,"column":4574},"end":{"line":2,"column":4595}},"127":{"start":{"line":2,"column":4598},"end":{"line":2,"column":5054}},"128":{"start":{"line":2,"column":5057},"end":{"line":2,"column":5094}},"129":{"start":{"line":2,"column":5097},"end":{"line":2,"column":5105}},"130":{"start":{"line":2,"column":5108},"end":{"line":2,"column":5132}},"131":{"start":{"line":2,"column":5135},"end":{"line":2,"column":5169}},"132":{"start":{"line":2,"column":5172},"end":{"line":2,"column":5178}},"133":{"start":{"line":2,"column":5181},"end":{"line":2,"column":5235}},"134":{"start":{"line":2,"column":5239},"end":{"line":2,"column":5371}},"135":{"start":{"line":2,"column":5261},"end":{"line":2,"column":5273}},"136":{"start":{"line":2,"column":5274},"end":{"line":2,"column":5370}},"137":{"start":{"line":2,"column":5375},"end":{"line":2,"column":5428}},"138":{"start":{"line":2,"column":5432},"end":{"line":2,"column":5541}},"139":{"start":{"line":2,"column":5446},"end":{"line":2,"column":5540}},"140":{"start":{"line":2,"column":5545},"end":{"line":2,"column":5560}},"141":{"start":{"line":2,"column":5556},"end":{"line":2,"column":5559}},"142":{"start":{"line":2,"column":5564},"end":{"line":2,"column":5662}},"143":{"start":{"line":2,"column":5579},"end":{"line":2,"column":5627}},"144":{"start":{"line":2,"column":5663},"end":{"line":2,"column":5876}},"145":{"start":{"line":2,"column":5667},"end":{"line":2,"column":5743}},"146":{"start":{"line":2,"column":5753},"end":{"line":2,"column":5875}},"147":{"start":{"line":2,"column":5785},"end":{"line":2,"column":5805}},"148":{"start":{"line":2,"column":5827},"end":{"line":2,"column":5835}},"149":{"start":{"line":2,"column":5838},"end":{"line":2,"column":5839}},"150":{"start":{"line":2,"column":5840},"end":{"line":2,"column":5861}},"151":{"start":{"line":2,"column":5861},"end":{"line":2,"column":5873}},"152":{"start":{"line":2,"column":5917},"end":{"line":2,"column":5935}},"153":{"start":{"line":2,"column":5938},"end":{"line":2,"column":5952}},"154":{"start":{"line":2,"column":5953},"end":{"line":2,"column":6018}},"155":{"start":{"line":2,"column":6009},"end":{"line":2,"column":6018}},"156":{"start":{"line":2,"column":6018},"end":{"line":2,"column":6800}},"157":{"start":{"line":2,"column":6072},"end":{"line":2,"column":6429}},"158":{"start":{"line":2,"column":6097},"end":{"line":2,"column":6429}},"159":{"start":{"line":2,"column":6108},"end":{"line":2,"column":6257}},"160":{"start":{"line":2,"column":6118},"end":{"line":2,"column":6155}},"161":{"start":{"line":2,"column":6146},"end":{"line":2,"column":6155}},"162":{"start":{"line":2,"column":6155},"end":{"line":2,"column":6185}},"163":{"start":{"line":2,"column":6167},"end":{"line":2,"column":6185}},"164":{"start":{"line":2,"column":6191},"end":{"line":2,"column":6257}},"165":{"start":{"line":2,"column":6239},"end":{"line":2,"column":6257}},"166":{"start":{"line":2,"column":6263},"end":{"line":2,"column":6317}},"167":{"start":{"line":2,"column":6271},"end":{"line":2,"column":6317}},"168":{"start":{"line":2,"column":6317},"end":{"line":2,"column":6428}},"169":{"start":{"line":2,"column":6381},"end":{"line":2,"column":6428}},"170":{"start":{"line":2,"column":6429},"end":{"line":2,"column":6799}},"171":{"start":{"line":2,"column":6468},"end":{"line":2,"column":6698}},"172":{"start":{"line":2,"column":6477},"end":{"line":2,"column":6485}},"173":{"start":{"line":2,"column":6490},"end":{"line":2,"column":6698}},"174":{"start":{"line":2,"column":6530},"end":{"line":2,"column":6617}},"175":{"start":{"line":2,"column":6617},"end":{"line":2,"column":6651}},"176":{"start":{"line":2,"column":6627},"end":{"line":2,"column":6651}},"177":{"start":{"line":2,"column":6651},"end":{"line":2,"column":6697}},"178":{"start":{"line":2,"column":6698},"end":{"line":2,"column":6798}},"179":{"start":{"line":2,"column":6703},"end":{"line":2,"column":6798}},"180":{"start":{"line":2,"column":6707},"end":{"line":2,"column":6748}},"181":{"start":{"line":2,"column":6767},"end":{"line":2,"column":6797}},"182":{"start":{"line":2,"column":6800},"end":{"line":2,"column":6833}},"183":{"start":{"line":2,"column":6854},"end":{"line":2,"column":6856}},"184":{"start":{"line":2,"column":6873},"end":{"line":2,"column":6939}},"185":{"start":{"line":2,"column":6940},"end":{"line":2,"column":6948}},"186":{"start":{"line":2,"column":6964},"end":{"line":2,"column":6980}},"187":{"start":{"line":2,"column":7002},"end":{"line":2,"column":7029}},"188":{"start":{"line":2,"column":7030},"end":{"line":2,"column":7122}},"189":{"start":{"line":2,"column":7034},"end":{"line":2,"column":7046}},"190":{"start":{"line":2,"column":7056},"end":{"line":2,"column":7064}},"191":{"start":{"line":2,"column":7073},"end":{"line":2,"column":7121}},"192":{"start":{"line":2,"column":7146},"end":{"line":2,"column":7158}},"193":{"start":{"line":2,"column":7161},"end":{"line":2,"column":7169}},"194":{"start":{"line":2,"column":7170},"end":{"line":2,"column":7200}},"195":{"start":{"line":2,"column":7180},"end":{"line":2,"column":7200}},"196":{"start":{"line":2,"column":7224},"end":{"line":2,"column":7228}},"197":{"start":{"line":2,"column":7231},"end":{"line":2,"column":7293}},"198":{"start":{"line":2,"column":7294},"end":{"line":2,"column":7308}},"199":{"start":{"line":2,"column":7299},"end":{"line":2,"column":7308}},"200":{"start":{"line":2,"column":7308},"end":{"line":2,"column":7353}},"201":{"start":{"line":2,"column":7313},"end":{"line":2,"column":7353}},"202":{"start":{"line":2,"column":7335},"end":{"line":2,"column":7353}},"203":{"start":{"line":2,"column":7344},"end":{"line":2,"column":7353}},"204":{"start":{"line":2,"column":7353},"end":{"line":2,"column":7366}},"205":{"start":{"line":2,"column":7382},"end":{"line":2,"column":7454}},"206":{"start":{"line":2,"column":7401},"end":{"line":2,"column":7453}},"207":{"start":{"line":2,"column":7470},"end":{"line":2,"column":7566}},"208":{"start":{"line":2,"column":7495},"end":{"line":2,"column":7519}},"209":{"start":{"line":2,"column":7520},"end":{"line":2,"column":7565}},"210":{"start":{"line":2,"column":7582},"end":{"line":2,"column":7814}},"211":{"start":{"line":2,"column":7601},"end":{"line":2,"column":7813}},"212":{"start":{"line":2,"column":7830},"end":{"line":2,"column":7961}},"213":{"start":{"line":2,"column":7852},"end":{"line":2,"column":7959}},"214":{"start":{"line":2,"column":7889},"end":{"line":2,"column":7905}},"215":{"start":{"line":2,"column":7908},"end":{"line":2,"column":7916}},"216":{"start":{"line":2,"column":7917},"end":{"line":2,"column":7957}},"217":{"start":{"line":2,"column":7927},"end":{"line":2,"column":7957}},"218":{"start":{"line":2,"column":7977},"end":{"line":2,"column":8032}},"219":{"start":{"line":2,"column":8033},"end":{"line":2,"column":18308}},"220":{"start":{"line":2,"column":8078},"end":{"line":2,"column":8117}},"221":{"start":{"line":2,"column":8118},"end":{"line":2,"column":8148}},"222":{"start":{"line":2,"column":8189},"end":{"line":2,"column":8211}},"223":{"start":{"line":2,"column":8212},"end":{"line":2,"column":12204}},"224":{"start":{"line":2,"column":8458},"end":{"line":2,"column":8509}},"225":{"start":{"line":2,"column":8550},"end":{"line":2,"column":8627}},"226":{"start":{"line":2,"column":8713},"end":{"line":2,"column":8794}},"227":{"start":{"line":2,"column":8838},"end":{"line":2,"column":8853}},"228":{"start":{"line":2,"column":8854},"end":{"line":2,"column":8905}},"229":{"start":{"line":2,"column":8873},"end":{"line":2,"column":8904}},"230":{"start":{"line":2,"column":8931},"end":{"line":2,"column":9017}},"231":{"start":{"line":2,"column":8981},"end":{"line":2,"column":9000}},"232":{"start":{"line":2,"column":9001},"end":{"line":2,"column":9016}},"233":{"start":{"line":2,"column":9051},"end":{"line":2,"column":9066}},"234":{"start":{"line":2,"column":9067},"end":{"line":2,"column":9179}},"235":{"start":{"line":2,"column":9092},"end":{"line":2,"column":9156}},"236":{"start":{"line":2,"column":9157},"end":{"line":2,"column":9178}},"237":{"start":{"line":2,"column":9205},"end":{"line":2,"column":9450}},"238":{"start":{"line":2,"column":9261},"end":{"line":2,"column":9280}},"239":{"start":{"line":2,"column":9281},"end":{"line":2,"column":9441}},"240":{"start":{"line":2,"column":9287},"end":{"line":2,"column":9342}},"241":{"start":{"line":2,"column":9332},"end":{"line":2,"column":9342}},"242":{"start":{"line":2,"column":9342},"end":{"line":2,"column":9371}},"243":{"start":{"line":2,"column":9371},"end":{"line":2,"column":9440}},"244":{"start":{"line":2,"column":9386},"end":{"line":2,"column":9440}},"245":{"start":{"line":2,"column":9431},"end":{"line":2,"column":9440}},"246":{"start":{"line":2,"column":9441},"end":{"line":2,"column":9449}},"247":{"start":{"line":2,"column":9501},"end":{"line":2,"column":9610}},"248":{"start":{"line":2,"column":9634},"end":{"line":2,"column":9636}},"249":{"start":{"line":2,"column":9639},"end":{"line":2,"column":9640}},"250":{"start":{"line":2,"column":9643},"end":{"line":2,"column":9668}},"251":{"start":{"line":2,"column":9669},"end":{"line":2,"column":9731}},"252":{"start":{"line":2,"column":9681},"end":{"line":2,"column":9722}},"253":{"start":{"line":2,"column":9696},"end":{"line":2,"column":9722}},"254":{"start":{"line":2,"column":9722},"end":{"line":2,"column":9730}},"255":{"start":{"line":2,"column":9731},"end":{"line":2,"column":9739}},"256":{"start":{"line":2,"column":9794},"end":{"line":2,"column":9879}},"257":{"start":{"line":2,"column":9845},"end":{"line":2,"column":9879}},"258":{"start":{"line":2,"column":9943},"end":{"line":2,"column":10404}},"259":{"start":{"line":2,"column":10422},"end":{"line":2,"column":10518}},"260":{"start":{"line":2,"column":10524},"end":{"line":2,"column":10548}},"261":{"start":{"line":2,"column":10549},"end":{"line":2,"column":10912}},"262":{"start":{"line":2,"column":11060},"end":{"line":2,"column":11130}},"263":{"start":{"line":2,"column":11285},"end":{"line":2,"column":11319}},"264":{"start":{"line":2,"column":11322},"end":{"line":2,"column":11337}},"265":{"start":{"line":2,"column":11338},"end":{"line":2,"column":11461}},"266":{"start":{"line":2,"column":11477},"end":{"line":2,"column":11521}},"267":{"start":{"line":2,"column":11482},"end":{"line":2,"column":11521}},"268":{"start":{"line":2,"column":11503},"end":{"line":2,"column":11521}},"269":{"start":{"line":2,"column":11512},"end":{"line":2,"column":11521}},"270":{"start":{"line":2,"column":11521},"end":{"line":2,"column":11529}},"271":{"start":{"line":2,"column":11549},"end":{"line":2,"column":11572}},"272":{"start":{"line":2,"column":11558},"end":{"line":2,"column":11572}},"273":{"start":{"line":2,"column":11578},"end":{"line":2,"column":11631}},"274":{"start":{"line":2,"column":11632},"end":{"line":2,"column":11877}},"275":{"start":{"line":2,"column":11893},"end":{"line":2,"column":11916}},"276":{"start":{"line":2,"column":11902},"end":{"line":2,"column":11916}},"277":{"start":{"line":2,"column":11924},"end":{"line":2,"column":11925}},"278":{"start":{"line":2,"column":11928},"end":{"line":2,"column":11940}},"279":{"start":{"line":2,"column":11943},"end":{"line":2,"column":11955}},"280":{"start":{"line":2,"column":11958},"end":{"line":2,"column":11961}},"281":{"start":{"line":2,"column":11964},"end":{"line":2,"column":11967}},"282":{"start":{"line":2,"column":11968},"end":{"line":2,"column":12029}},"283":{"start":{"line":2,"column":11978},"end":{"line":2,"column":12029}},"284":{"start":{"line":2,"column":12029},"end":{"line":2,"column":12053}},"285":{"start":{"line":2,"column":12038},"end":{"line":2,"column":12053}},"286":{"start":{"line":2,"column":12053},"end":{"line":2,"column":12057}},"287":{"start":{"line":2,"column":12057},"end":{"line":2,"column":12091}},"288":{"start":{"line":2,"column":12078},"end":{"line":2,"column":12091}},"289":{"start":{"line":2,"column":12091},"end":{"line":2,"column":12095}},"290":{"start":{"line":2,"column":12095},"end":{"line":2,"column":12129}},"291":{"start":{"line":2,"column":12116},"end":{"line":2,"column":12129}},"292":{"start":{"line":2,"column":12129},"end":{"line":2,"column":12151}},"293":{"start":{"line":2,"column":12147},"end":{"line":2,"column":12151}},"294":{"start":{"line":2,"column":12151},"end":{"line":2,"column":12198}},"295":{"start":{"line":2,"column":12231},"end":{"line":2,"column":12255}},"296":{"start":{"line":2,"column":12290},"end":{"line":2,"column":12521}},"297":{"start":{"line":2,"column":12416},"end":{"line":2,"column":12521}},"298":{"start":{"line":2,"column":12426},"end":{"line":2,"column":12437}},"299":{"start":{"line":2,"column":12438},"end":{"line":2,"column":12510}},"300":{"start":{"line":2,"column":12502},"end":{"line":2,"column":12510}},"301":{"start":{"line":2,"column":12521},"end":{"line":2,"column":12553}},"302":{"start":{"line":2,"column":12581},"end":{"line":2,"column":12624}},"303":{"start":{"line":2,"column":12648},"end":{"line":2,"column":12679}},"304":{"start":{"line":2,"column":12685},"end":{"line":2,"column":12714}},"305":{"start":{"line":2,"column":12717},"end":{"line":2,"column":12773}},"306":{"start":{"line":2,"column":12774},"end":{"line":2,"column":12880}},"307":{"start":{"line":2,"column":12904},"end":{"line":2,"column":12931}},"308":{"start":{"line":2,"column":12954},"end":{"line":2,"column":13014}},"309":{"start":{"line":2,"column":13050},"end":{"line":2,"column":13052}},"310":{"start":{"line":2,"column":13055},"end":{"line":2,"column":13056}},"311":{"start":{"line":2,"column":13059},"end":{"line":2,"column":13060}},"312":{"start":{"line":2,"column":13061},"end":{"line":2,"column":13193}},"313":{"start":{"line":2,"column":13127},"end":{"line":2,"column":13166}},"314":{"start":{"line":2,"column":13142},"end":{"line":2,"column":13166}},"315":{"start":{"line":2,"column":13166},"end":{"line":2,"column":13192}},"316":{"start":{"line":2,"column":13176},"end":{"line":2,"column":13192}},"317":{"start":{"line":2,"column":13193},"end":{"line":2,"column":13208}},"318":{"start":{"line":2,"column":13243},"end":{"line":2,"column":13245}},"319":{"start":{"line":2,"column":13248},"end":{"line":2,"column":13249}},"320":{"start":{"line":2,"column":13252},"end":{"line":2,"column":13262}},"321":{"start":{"line":2,"column":13263},"end":{"line":2,"column":13462}},"322":{"start":{"line":2,"column":13269},"end":{"line":2,"column":13433}},"323":{"start":{"line":2,"column":13294},"end":{"line":2,"column":13349}},"324":{"start":{"line":2,"column":13328},"end":{"line":2,"column":13349}},"325":{"start":{"line":2,"column":13349},"end":{"line":2,"column":13393}},"326":{"start":{"line":2,"column":13386},"end":{"line":2,"column":13393}},"327":{"start":{"line":2,"column":13399},"end":{"line":2,"column":13433}},"328":{"start":{"line":2,"column":13415},"end":{"line":2,"column":13433}},"329":{"start":{"line":2,"column":13439},"end":{"line":2,"column":13462}},"330":{"start":{"line":2,"column":13454},"end":{"line":2,"column":13462}},"331":{"start":{"line":2,"column":13462},"end":{"line":2,"column":13470}},"332":{"start":{"line":2,"column":13709},"end":{"line":2,"column":13827}},"333":{"start":{"line":2,"column":13847},"end":{"line":2,"column":14039}},"334":{"start":{"line":2,"column":14068},"end":{"line":2,"column":14079}},"335":{"start":{"line":2,"column":14080},"end":{"line":2,"column":14258}},"336":{"start":{"line":2,"column":14291},"end":{"line":2,"column":14320}},"337":{"start":{"line":2,"column":14321},"end":{"line":2,"column":14416}},"338":{"start":{"line":2,"column":14346},"end":{"line":2,"column":14354}},"339":{"start":{"line":2,"column":14368},"end":{"line":2,"column":14415}},"340":{"start":{"line":2,"column":14442},"end":{"line":2,"column":14450}},"341":{"start":{"line":2,"column":14451},"end":{"line":2,"column":14643}},"342":{"start":{"line":2,"column":14520},"end":{"line":2,"column":14641}},"343":{"start":{"line":2,"column":14666},"end":{"line":2,"column":14960}},"344":{"start":{"line":2,"column":14691},"end":{"line":2,"column":14703}},"345":{"start":{"line":2,"column":14704},"end":{"line":2,"column":14959}},"346":{"start":{"line":2,"column":14994},"end":{"line":2,"column":15014}},"347":{"start":{"line":2,"column":15017},"end":{"line":2,"column":15037}},"348":{"start":{"line":2,"column":15040},"end":{"line":2,"column":15053}},"349":{"start":{"line":2,"column":15054},"end":{"line":2,"column":15947}},"350":{"start":{"line":2,"column":15086},"end":{"line":2,"column":15106}},"351":{"start":{"line":2,"column":15142},"end":{"line":2,"column":15179}},"352":{"start":{"line":2,"column":15182},"end":{"line":2,"column":15194}},"353":{"start":{"line":2,"column":15197},"end":{"line":2,"column":15224}},"354":{"start":{"line":2,"column":15227},"end":{"line":2,"column":15233}},"355":{"start":{"line":2,"column":15236},"end":{"line":2,"column":15238}},"356":{"start":{"line":2,"column":15239},"end":{"line":2,"column":15946}},"357":{"start":{"line":2,"column":15245},"end":{"line":2,"column":15378}},"358":{"start":{"line":2,"column":15251},"end":{"line":2,"column":15369}},"359":{"start":{"line":2,"column":15260},"end":{"line":2,"column":15264}},"360":{"start":{"line":2,"column":15264},"end":{"line":2,"column":15335}},"361":{"start":{"line":2,"column":15277},"end":{"line":2,"column":15335}},"362":{"start":{"line":2,"column":15326},"end":{"line":2,"column":15335}},"363":{"start":{"line":2,"column":15335},"end":{"line":2,"column":15368}},"364":{"start":{"line":2,"column":15369},"end":{"line":2,"column":15377}},"365":{"start":{"line":2,"column":15378},"end":{"line":2,"column":15913}},"366":{"start":{"line":2,"column":15418},"end":{"line":2,"column":15535}},"367":{"start":{"line":2,"column":15535},"end":{"line":2,"column":15624}},"368":{"start":{"line":2,"column":15574},"end":{"line":2,"column":15624}},"369":{"start":{"line":2,"column":15605},"end":{"line":2,"column":15618}},"370":{"start":{"line":2,"column":15618},"end":{"line":2,"column":15623}},"371":{"start":{"line":2,"column":15630},"end":{"line":2,"column":15913}},"372":{"start":{"line":2,"column":15733},"end":{"line":2,"column":15913}},"373":{"start":{"line":2,"column":15772},"end":{"line":2,"column":15913}},"374":{"start":{"line":2,"column":15907},"end":{"line":2,"column":15913}},"375":{"start":{"line":2,"column":15913},"end":{"line":2,"column":15945}},"376":{"start":{"line":2,"column":15978},"end":{"line":2,"column":16057}},"377":{"start":{"line":2,"column":16058},"end":{"line":2,"column":16259}},"378":{"start":{"line":2,"column":16170},"end":{"line":2,"column":16176}},"379":{"start":{"line":2,"column":16179},"end":{"line":2,"column":16187}},"380":{"start":{"line":2,"column":16188},"end":{"line":2,"column":16225}},"381":{"start":{"line":2,"column":16198},"end":{"line":2,"column":16225}},"382":{"start":{"line":2,"column":16240},"end":{"line":2,"column":16255}},"383":{"start":{"line":2,"column":16296},"end":{"line":2,"column":16298}},"384":{"start":{"line":2,"column":16301},"end":{"line":2,"column":16303}},"385":{"start":{"line":2,"column":16306},"end":{"line":2,"column":16326}},"386":{"start":{"line":2,"column":16327},"end":{"line":2,"column":16496}},"387":{"start":{"line":2,"column":16368},"end":{"line":2,"column":16382}},"388":{"start":{"line":2,"column":16385},"end":{"line":2,"column":16393}},"389":{"start":{"line":2,"column":16394},"end":{"line":2,"column":16430}},"390":{"start":{"line":2,"column":16404},"end":{"line":2,"column":16430}},"391":{"start":{"line":2,"column":16449},"end":{"line":2,"column":16495}},"392":{"start":{"line":2,"column":16518},"end":{"line":2,"column":16561}},"393":{"start":{"line":2,"column":16537},"end":{"line":2,"column":16560}},"394":{"start":{"line":2,"column":16588},"end":{"line":2,"column":16680}},"395":{"start":{"line":2,"column":16625},"end":{"line":2,"column":16679}},"396":{"start":{"line":2,"column":16703},"end":{"line":2,"column":16977}},"397":{"start":{"line":2,"column":16808},"end":{"line":2,"column":16968}},"398":{"start":{"line":2,"column":16811},"end":{"line":2,"column":16927}},"399":{"start":{"line":2,"column":16876},"end":{"line":2,"column":16927}},"400":{"start":{"line":2,"column":16968},"end":{"line":2,"column":16976}},"401":{"start":{"line":2,"column":17005},"end":{"line":2,"column":17032}},"402":{"start":{"line":2,"column":17033},"end":{"line":2,"column":17060}},"403":{"start":{"line":2,"column":17079},"end":{"line":2,"column":17091}},"404":{"start":{"line":2,"column":17111},"end":{"line":2,"column":17199}},"405":{"start":{"line":2,"column":17258},"end":{"line":2,"column":17282}},"406":{"start":{"line":2,"column":17283},"end":{"line":2,"column":17341}},"407":{"start":{"line":2,"column":17364},"end":{"line":2,"column":17427}},"408":{"start":{"line":2,"column":17447},"end":{"line":2,"column":17509}},"409":{"start":{"line":2,"column":17484},"end":{"line":2,"column":17509}},"410":{"start":{"line":2,"column":17500},"end":{"line":2,"column":17509}},"411":{"start":{"line":2,"column":17509},"end":{"line":2,"column":17517}},"412":{"start":{"line":2,"column":17538},"end":{"line":2,"column":17563}},"413":{"start":{"line":2,"column":17584},"end":{"line":2,"column":17609}},"414":{"start":{"line":2,"column":17629},"end":{"line":2,"column":17654}},"415":{"start":{"line":2,"column":17681},"end":{"line":2,"column":17705}},"416":{"start":{"line":2,"column":17706},"end":{"line":2,"column":17756}},"417":{"start":{"line":2,"column":17781},"end":{"line":2,"column":17900}},"418":{"start":{"line":2,"column":17922},"end":{"line":2,"column":17931}},"419":{"start":{"line":2,"column":17956},"end":{"line":2,"column":17967}},"420":{"start":{"line":2,"column":17992},"end":{"line":2,"column":18009}},"421":{"start":{"line":2,"column":18034},"end":{"line":2,"column":18065}},"422":{"start":{"line":2,"column":18055},"end":{"line":2,"column":18065}},"423":{"start":{"line":2,"column":18065},"end":{"line":2,"column":18073}},"424":{"start":{"line":2,"column":18097},"end":{"line":2,"column":18128}},"425":{"start":{"line":2,"column":18118},"end":{"line":2,"column":18128}},"426":{"start":{"line":2,"column":18128},"end":{"line":2,"column":18136}},"427":{"start":{"line":2,"column":18161},"end":{"line":2,"column":18199}},"428":{"start":{"line":2,"column":18189},"end":{"line":2,"column":18199}},"429":{"start":{"line":2,"column":18199},"end":{"line":2,"column":18207}},"430":{"start":{"line":2,"column":18232},"end":{"line":2,"column":18269}},"431":{"start":{"line":2,"column":18259},"end":{"line":2,"column":18269}},"432":{"start":{"line":2,"column":18269},"end":{"line":2,"column":18277}},"433":{"start":{"line":2,"column":18308},"end":{"line":2,"column":18387}},"434":{"start":{"line":2,"column":18368},"end":{"line":2,"column":18387}},"435":{"start":{"line":2,"column":18387},"end":{"line":2,"column":18435}},"436":{"start":{"line":2,"column":18416},"end":{"line":2,"column":18435}},"437":{"start":{"line":2,"column":18450},"end":{"line":2,"column":18968}},"438":{"start":{"line":2,"column":18551},"end":{"line":2,"column":18559}},"439":{"start":{"line":2,"column":18560},"end":{"line":2,"column":18587}},"440":{"start":{"line":2,"column":18565},"end":{"line":2,"column":18587}},"441":{"start":{"line":2,"column":18587},"end":{"line":2,"column":18610}},"442":{"start":{"line":2,"column":18610},"end":{"line":2,"column":18919}},"443":{"start":{"line":2,"column":18619},"end":{"line":2,"column":18781}},"444":{"start":{"line":2,"column":18781},"end":{"line":2,"column":18907}},"445":{"start":{"line":2,"column":18799},"end":{"line":2,"column":18907}},"446":{"start":{"line":2,"column":18907},"end":{"line":2,"column":18918}},"447":{"start":{"line":2,"column":18913},"end":{"line":2,"column":18918}},"448":{"start":{"line":2,"column":18919},"end":{"line":2,"column":18966}},"449":{"start":{"line":2,"column":18983},"end":{"line":2,"column":19033}},"450":{"start":{"line":2,"column":19019},"end":{"line":2,"column":19033}},"451":{"start":{"line":2,"column":19033},"end":{"line":2,"column":19041}},"452":{"start":{"line":2,"column":19067},"end":{"line":2,"column":19072}},"453":{"start":{"line":2,"column":19075},"end":{"line":2,"column":19081}},"454":{"start":{"line":2,"column":19084},"end":{"line":2,"column":19088}},"455":{"start":{"line":2,"column":19091},"end":{"line":2,"column":19110}},"456":{"start":{"line":2,"column":19113},"end":{"line":2,"column":19116}},"457":{"start":{"line":2,"column":19117},"end":{"line":2,"column":19537}},"458":{"start":{"line":2,"column":19148},"end":{"line":2,"column":19198}},"459":{"start":{"line":2,"column":19161},"end":{"line":2,"column":19198}},"460":{"start":{"line":2,"column":19182},"end":{"line":2,"column":19198}},"461":{"start":{"line":2,"column":19198},"end":{"line":2,"column":19206}},"462":{"start":{"line":2,"column":19236},"end":{"line":2,"column":19241}},"463":{"start":{"line":2,"column":19242},"end":{"line":2,"column":19528}},"464":{"start":{"line":2,"column":19248},"end":{"line":2,"column":19302}},"465":{"start":{"line":2,"column":19261},"end":{"line":2,"column":19302}},"466":{"start":{"line":2,"column":19294},"end":{"line":2,"column":19302}},"467":{"start":{"line":2,"column":19308},"end":{"line":2,"column":19528}},"468":{"start":{"line":2,"column":19321},"end":{"line":2,"column":19528}},"469":{"start":{"line":2,"column":19342},"end":{"line":2,"column":19528}},"470":{"start":{"line":2,"column":19431},"end":{"line":2,"column":19441}},"471":{"start":{"line":2,"column":19446},"end":{"line":2,"column":19495}},"472":{"start":{"line":2,"column":19478},"end":{"line":2,"column":19495}},"473":{"start":{"line":2,"column":19495},"end":{"line":2,"column":19527}},"474":{"start":{"line":2,"column":19519},"end":{"line":2,"column":19527}},"475":{"start":{"line":2,"column":19528},"end":{"line":2,"column":19536}},"476":{"start":{"line":2,"column":19553},"end":{"line":2,"column":19651}},"477":{"start":{"line":2,"column":19593},"end":{"line":2,"column":19601}},"478":{"start":{"line":2,"column":19602},"end":{"line":2,"column":19637}},"479":{"start":{"line":2,"column":19612},"end":{"line":2,"column":19637}},"480":{"start":{"line":2,"column":19628},"end":{"line":2,"column":19637}},"481":{"start":{"line":2,"column":19637},"end":{"line":2,"column":19645}},"482":{"start":{"line":2,"column":19671},"end":{"line":2,"column":19715}},"483":{"start":{"line":2,"column":19702},"end":{"line":2,"column":19715}},"484":{"start":{"line":2,"column":19715},"end":{"line":2,"column":19723}},"485":{"start":{"line":2,"column":19747},"end":{"line":2,"column":19846}},"486":{"start":{"line":2,"column":19795},"end":{"line":2,"column":19846}},"487":{"start":{"line":2,"column":19846},"end":{"line":2,"column":19854}},"488":{"start":{"line":2,"column":19880},"end":{"line":2,"column":20396}},"489":{"start":{"line":2,"column":19962},"end":{"line":2,"column":19964}},"490":{"start":{"line":2,"column":19967},"end":{"line":2,"column":19969}},"491":{"start":{"line":2,"column":19972},"end":{"line":2,"column":19980}},"492":{"start":{"line":2,"column":19983},"end":{"line":2,"column":20016}},"493":{"start":{"line":2,"column":20019},"end":{"line":2,"column":20044}},"494":{"start":{"line":2,"column":20047},"end":{"line":2,"column":20069}},"495":{"start":{"line":2,"column":20070},"end":{"line":2,"column":20166}},"496":{"start":{"line":2,"column":20090},"end":{"line":2,"column":20123}},"497":{"start":{"line":2,"column":20123},"end":{"line":2,"column":20165}},"498":{"start":{"line":2,"column":20133},"end":{"line":2,"column":20165}},"499":{"start":{"line":2,"column":20166},"end":{"line":2,"column":20394}},"500":{"start":{"line":2,"column":20172},"end":{"line":2,"column":20325}},"501":{"start":{"line":2,"column":20181},"end":{"line":2,"column":20255}},"502":{"start":{"line":2,"column":20187},"end":{"line":2,"column":20203}},"503":{"start":{"line":2,"column":20203},"end":{"line":2,"column":20238}},"504":{"start":{"line":2,"column":20213},"end":{"line":2,"column":20238}},"505":{"start":{"line":2,"column":20238},"end":{"line":2,"column":20254}},"506":{"start":{"line":2,"column":20255},"end":{"line":2,"column":20266}},"507":{"start":{"line":2,"column":20266},"end":{"line":2,"column":20324}},"508":{"start":{"line":2,"column":20276},"end":{"line":2,"column":20324}},"509":{"start":{"line":2,"column":20331},"end":{"line":2,"column":20394}},"510":{"start":{"line":2,"column":20412},"end":{"line":2,"column":20993}},"511":{"start":{"line":2,"column":20670},"end":{"line":2,"column":20993}},"512":{"start":{"line":2,"column":20697},"end":{"line":2,"column":20713}},"513":{"start":{"line":2,"column":20718},"end":{"line":2,"column":20983}},"514":{"start":{"line":2,"column":20774},"end":{"line":2,"column":20823}},"515":{"start":{"line":2,"column":20792},"end":{"line":2,"column":20823}},"516":{"start":{"line":2,"column":20817},"end":{"line":2,"column":20823}},"517":{"start":{"line":2,"column":20823},"end":{"line":2,"column":20982}},"518":{"start":{"line":2,"column":20983},"end":{"line":2,"column":20992}},"519":{"start":{"line":2,"column":20993},"end":{"line":2,"column":21005}},"520":{"start":{"line":2,"column":21029},"end":{"line":2,"column":21039}},"521":{"start":{"line":2,"column":21042},"end":{"line":2,"column":21052}},"522":{"start":{"line":2,"column":21055},"end":{"line":2,"column":21563}},"523":{"start":{"line":2,"column":21087},"end":{"line":2,"column":21088}},"524":{"start":{"line":2,"column":21091},"end":{"line":2,"column":21094}},"525":{"start":{"line":2,"column":21097},"end":{"line":2,"column":21102}},"526":{"start":{"line":2,"column":21105},"end":{"line":2,"column":21107}},"527":{"start":{"line":2,"column":21110},"end":{"line":2,"column":21111}},"528":{"start":{"line":2,"column":21114},"end":{"line":2,"column":21137}},"529":{"start":{"line":2,"column":21140},"end":{"line":2,"column":21170}},"530":{"start":{"line":2,"column":21173},"end":{"line":2,"column":21181}},"531":{"start":{"line":2,"column":21182},"end":{"line":2,"column":21370}},"532":{"start":{"line":2,"column":21232},"end":{"line":2,"column":21337}},"533":{"start":{"line":2,"column":21241},"end":{"line":2,"column":21281}},"534":{"start":{"line":2,"column":21281},"end":{"line":2,"column":21328}},"535":{"start":{"line":2,"column":21296},"end":{"line":2,"column":21328}},"536":{"start":{"line":2,"column":21312},"end":{"line":2,"column":21322}},"537":{"start":{"line":2,"column":21322},"end":{"line":2,"column":21327}},"538":{"start":{"line":2,"column":21328},"end":{"line":2,"column":21336}},"539":{"start":{"line":2,"column":21337},"end":{"line":2,"column":21369}},"540":{"start":{"line":2,"column":21370},"end":{"line":2,"column":21541}},"541":{"start":{"line":2,"column":21388},"end":{"line":2,"column":21392}},"542":{"start":{"line":2,"column":21392},"end":{"line":2,"column":21418}},"543":{"start":{"line":2,"column":21407},"end":{"line":2,"column":21418}},"544":{"start":{"line":2,"column":21418},"end":{"line":2,"column":21478}},"545":{"start":{"line":2,"column":21424},"end":{"line":2,"column":21470}},"546":{"start":{"line":2,"column":21431},"end":{"line":2,"column":21470}},"547":{"start":{"line":2,"column":21441},"end":{"line":2,"column":21470}},"548":{"start":{"line":2,"column":21470},"end":{"line":2,"column":21477}},"549":{"start":{"line":2,"column":21478},"end":{"line":2,"column":21540}},"550":{"start":{"line":2,"column":21541},"end":{"line":2,"column":21562}},"551":{"start":{"line":2,"column":21564},"end":{"line":2,"column":21580}},"552":{"start":{"line":2,"column":21581},"end":{"line":2,"column":23189}},"553":{"start":{"line":2,"column":21623},"end":{"line":2,"column":21625}},"554":{"start":{"line":2,"column":21628},"end":{"line":2,"column":21630}},"555":{"start":{"line":2,"column":21633},"end":{"line":2,"column":21641}},"556":{"start":{"line":2,"column":21642},"end":{"line":2,"column":21746}},"557":{"start":{"line":2,"column":21649},"end":{"line":2,"column":21672}},"558":{"start":{"line":2,"column":21672},"end":{"line":2,"column":21718}},"559":{"start":{"line":2,"column":21682},"end":{"line":2,"column":21718}},"560":{"start":{"line":2,"column":21718},"end":{"line":2,"column":21745}},"561":{"start":{"line":2,"column":21746},"end":{"line":2,"column":21754}},"562":{"start":{"line":2,"column":21802},"end":{"line":2,"column":21825}},"563":{"start":{"line":2,"column":21828},"end":{"line":2,"column":21850}},"564":{"start":{"line":2,"column":21851},"end":{"line":2,"column":22340}},"565":{"start":{"line":2,"column":21876},"end":{"line":2,"column":22096}},"566":{"start":{"line":2,"column":21976},"end":{"line":2,"column":22042}},"567":{"start":{"line":2,"column":22033},"end":{"line":2,"column":22042}},"568":{"start":{"line":2,"column":22042},"end":{"line":2,"column":22095}},"569":{"start":{"line":2,"column":22096},"end":{"line":2,"column":22132}},"570":{"start":{"line":2,"column":22132},"end":{"line":2,"column":22339}},"571":{"start":{"line":2,"column":22143},"end":{"line":2,"column":22180}},"572":{"start":{"line":2,"column":22174},"end":{"line":2,"column":22180}},"573":{"start":{"line":2,"column":22180},"end":{"line":2,"column":22338}},"574":{"start":{"line":2,"column":22272},"end":{"line":2,"column":22332}},"575":{"start":{"line":2,"column":22310},"end":{"line":2,"column":22332}},"576":{"start":{"line":2,"column":22332},"end":{"line":2,"column":22337}},"577":{"start":{"line":2,"column":22340},"end":{"line":2,"column":22404}},"578":{"start":{"line":2,"column":22509},"end":{"line":2,"column":22572}},"579":{"start":{"line":2,"column":22590},"end":{"line":2,"column":22667}},"580":{"start":{"line":2,"column":22715},"end":{"line":2,"column":22774}},"581":{"start":{"line":2,"column":22721},"end":{"line":2,"column":22774}},"582":{"start":{"line":2,"column":22806},"end":{"line":2,"column":22913}},"583":{"start":{"line":2,"column":22944},"end":{"line":2,"column":23007}},"584":{"start":{"line":2,"column":22986},"end":{"line":2,"column":23007}},"585":{"start":{"line":2,"column":23025},"end":{"line":2,"column":23064}},"586":{"start":{"line":2,"column":23095},"end":{"line":2,"column":23184}},"587":{"start":{"line":2,"column":23101},"end":{"line":2,"column":23184}},"588":{"start":{"line":2,"column":23194},"end":{"line":2,"column":23368}},"589":{"start":{"line":2,"column":23374},"end":{"line":2,"column":23504}},"590":{"start":{"line":2,"column":23396},"end":{"line":2,"column":23398}},"591":{"start":{"line":2,"column":23401},"end":{"line":2,"column":23411}},"592":{"start":{"line":2,"column":23412},"end":{"line":2,"column":23495}},"593":{"start":{"line":2,"column":23443},"end":{"line":2,"column":23495}},"594":{"start":{"line":2,"column":23462},"end":{"line":2,"column":23485}},"595":{"start":{"line":2,"column":23479},"end":{"line":2,"column":23485}},"596":{"start":{"line":2,"column":23485},"end":{"line":2,"column":23494}},"597":{"start":{"line":2,"column":23495},"end":{"line":2,"column":23503}},"598":{"start":{"line":2,"column":23507},"end":{"line":2,"column":23594}},"599":{"start":{"line":2,"column":23521},"end":{"line":2,"column":23585}},"600":{"start":{"line":2,"column":23552},"end":{"line":2,"column":23585}},"601":{"start":{"line":2,"column":23585},"end":{"line":2,"column":23593}},"602":{"start":{"line":2,"column":23597},"end":{"line":2,"column":23622}},"603":{"start":{"line":2,"column":23639},"end":{"line":2,"column":23700}},"604":{"start":{"line":2,"column":23707},"end":{"line":2,"column":23772}},"605":{"start":{"line":2,"column":23791},"end":{"line":2,"column":23988}},"606":{"start":{"line":2,"column":23826},"end":{"line":2,"column":23851}},"607":{"start":{"line":2,"column":23886},"end":{"line":2,"column":23902}},"608":{"start":{"line":2,"column":23945},"end":{"line":2,"column":23970}},"609":{"start":{"line":2,"column":23989},"end":{"line":2,"column":24646}},"610":{"start":{"line":2,"column":24020},"end":{"line":2,"column":24024}},"611":{"start":{"line":2,"column":24025},"end":{"line":2,"column":24179}},"612":{"start":{"line":2,"column":24155},"end":{"line":2,"column":24176}},"613":{"start":{"line":2,"column":24221},"end":{"line":2,"column":24232}},"614":{"start":{"line":2,"column":24235},"end":{"line":2,"column":24239}},"615":{"start":{"line":2,"column":24240},"end":{"line":2,"column":24360}},"616":{"start":{"line":2,"column":24262},"end":{"line":2,"column":24360}},"617":{"start":{"line":2,"column":24307},"end":{"line":2,"column":24356}},"618":{"start":{"line":2,"column":24323},"end":{"line":2,"column":24356}},"619":{"start":{"line":2,"column":24348},"end":{"line":2,"column":24356}},"620":{"start":{"line":2,"column":24360},"end":{"line":2,"column":24414}},"621":{"start":{"line":2,"column":24397},"end":{"line":2,"column":24414}},"622":{"start":{"line":2,"column":24414},"end":{"line":2,"column":24442}},"623":{"start":{"line":2,"column":24463},"end":{"line":2,"column":24502}},"624":{"start":{"line":2,"column":24520},"end":{"line":2,"column":24559}},"625":{"start":{"line":2,"column":24576},"end":{"line":2,"column":24642}},"626":{"start":{"line":2,"column":24654},"end":{"line":2,"column":24691}},"627":{"start":{"line":2,"column":24692},"end":{"line":2,"column":25325}},"628":{"start":{"line":2,"column":24727},"end":{"line":2,"column":24745}},"629":{"start":{"line":2,"column":24733},"end":{"line":2,"column":24745}},"630":{"start":{"line":2,"column":24745},"end":{"line":2,"column":25194}},"631":{"start":{"line":2,"column":24775},"end":{"line":2,"column":24924}},"632":{"start":{"line":2,"column":24862},"end":{"line":2,"column":24924}},"633":{"start":{"line":2,"column":24924},"end":{"line":2,"column":25129}},"634":{"start":{"line":2,"column":24933},"end":{"line":2,"column":25117}},"635":{"start":{"line":2,"column":25063},"end":{"line":2,"column":25117}},"636":{"start":{"line":2,"column":25074},"end":{"line":2,"column":25117}},"637":{"start":{"line":2,"column":25117},"end":{"line":2,"column":25128}},"638":{"start":{"line":2,"column":25129},"end":{"line":2,"column":25193}},"639":{"start":{"line":2,"column":25194},"end":{"line":2,"column":25300}},"640":{"start":{"line":2,"column":25331},"end":{"line":2,"column":25363}},"641":{"start":{"line":2,"column":25366},"end":{"line":2,"column":25407}},"642":{"start":{"line":2,"column":25408},"end":{"line":2,"column":26175}},"643":{"start":{"line":2,"column":25443},"end":{"line":2,"column":25452}},"644":{"start":{"line":2,"column":25455},"end":{"line":2,"column":25463}},"645":{"start":{"line":2,"column":25464},"end":{"line":2,"column":25549}},"646":{"start":{"line":2,"column":25494},"end":{"line":2,"column":25547}},"647":{"start":{"line":2,"column":25514},"end":{"line":2,"column":25547}},"648":{"start":{"line":2,"column":25539},"end":{"line":2,"column":25547}},"649":{"start":{"line":2,"column":25581},"end":{"line":2,"column":25582}},"650":{"start":{"line":2,"column":25585},"end":{"line":2,"column":25596}},"651":{"start":{"line":2,"column":25599},"end":{"line":2,"column":25601}},"652":{"start":{"line":2,"column":25604},"end":{"line":2,"column":25628}},"653":{"start":{"line":2,"column":25629},"end":{"line":2,"column":25791}},"654":{"start":{"line":2,"column":25643},"end":{"line":2,"column":25791}},"655":{"start":{"line":2,"column":25656},"end":{"line":2,"column":25791}},"656":{"start":{"line":2,"column":25694},"end":{"line":2,"column":25791}},"657":{"start":{"line":2,"column":25775},"end":{"line":2,"column":25785}},"658":{"start":{"line":2,"column":25785},"end":{"line":2,"column":25790}},"659":{"start":{"line":2,"column":25791},"end":{"line":2,"column":25842}},"660":{"start":{"line":2,"column":25862},"end":{"line":2,"column":26000}},"661":{"start":{"line":2,"column":26020},"end":{"line":2,"column":26083}},"662":{"start":{"line":2,"column":26105},"end":{"line":2,"column":26171}},"663":{"start":{"line":2,"column":26191},"end":{"line":2,"column":26223}},"664":{"start":{"line":2,"column":26223},"end":{"line":2,"column":26231}},"665":{"start":{"line":2,"column":26232},"end":{"line":2,"column":27168}},"666":{"start":{"line":2,"column":26265},"end":{"line":2,"column":26277}},"667":{"start":{"line":2,"column":26278},"end":{"line":2,"column":26310}},"668":{"start":{"line":2,"column":26332},"end":{"line":2,"column":26356}},"669":{"start":{"line":2,"column":26387},"end":{"line":2,"column":26413}},"670":{"start":{"line":2,"column":26432},"end":{"line":2,"column":26457}},"671":{"start":{"line":2,"column":26476},"end":{"line":2,"column":26505}},"672":{"start":{"line":2,"column":26527},"end":{"line":2,"column":26552}},"673":{"start":{"line":2,"column":26574},"end":{"line":2,"column":26603}},"674":{"start":{"line":2,"column":26631},"end":{"line":2,"column":26658}},"675":{"start":{"line":2,"column":26686},"end":{"line":2,"column":26717}},"676":{"start":{"line":2,"column":26740},"end":{"line":2,"column":26781}},"677":{"start":{"line":2,"column":26804},"end":{"line":2,"column":26826}},"678":{"start":{"line":2,"column":26849},"end":{"line":2,"column":26948}},"679":{"start":{"line":2,"column":26965},"end":{"line":2,"column":27165}},"680":{"start":{"line":2,"column":26993},"end":{"line":2,"column":27008}},"681":{"start":{"line":2,"column":27009},"end":{"line":2,"column":27164}},"682":{"start":{"line":2,"column":27174},"end":{"line":2,"column":27193}},"683":{"start":{"line":2,"column":27214},"end":{"line":2,"column":27216}},"684":{"start":{"line":2,"column":27217},"end":{"line":2,"column":27271}},"685":{"start":{"line":2,"column":27260},"end":{"line":2,"column":27267}},"686":{"start":{"line":2,"column":27272},"end":{"line":2,"column":28307}},"687":{"start":{"line":2,"column":27296},"end":{"line":2,"column":27337}},"688":{"start":{"line":2,"column":27351},"end":{"line":2,"column":27353}},"689":{"start":{"line":2,"column":27356},"end":{"line":2,"column":27358}},"690":{"start":{"line":2,"column":27361},"end":{"line":2,"column":27363}},"691":{"start":{"line":2,"column":27366},"end":{"line":2,"column":27544}},"692":{"start":{"line":2,"column":27377},"end":{"line":2,"column":27507}},"693":{"start":{"line":2,"column":27415},"end":{"line":2,"column":27427}},"694":{"start":{"line":2,"column":27427},"end":{"line":2,"column":27506}},"695":{"start":{"line":2,"column":27446},"end":{"line":2,"column":27506}},"696":{"start":{"line":2,"column":27507},"end":{"line":2,"column":27543}},"697":{"start":{"line":2,"column":27547},"end":{"line":2,"column":28296}},"698":{"start":{"line":2,"column":27563},"end":{"line":2,"column":27743}},"699":{"start":{"line":2,"column":27620},"end":{"line":2,"column":27714}},"700":{"start":{"line":2,"column":27643},"end":{"line":2,"column":27712}},"701":{"start":{"line":2,"column":27763},"end":{"line":2,"column":27867}},"702":{"start":{"line":2,"column":27807},"end":{"line":2,"column":27860}},"703":{"start":{"line":2,"column":27837},"end":{"line":2,"column":27860}},"704":{"start":{"line":2,"column":27885},"end":{"line":2,"column":27922}},"705":{"start":{"line":2,"column":27941},"end":{"line":2,"column":27962}},"706":{"start":{"line":2,"column":27983},"end":{"line":2,"column":28008}},"707":{"start":{"line":2,"column":28030},"end":{"line":2,"column":28038}},"708":{"start":{"line":2,"column":28056},"end":{"line":2,"column":28089}},"709":{"start":{"line":2,"column":28109},"end":{"line":2,"column":28118}},"710":{"start":{"line":2,"column":28143},"end":{"line":2,"column":28210}},"711":{"start":{"line":2,"column":28228},"end":{"line":2,"column":28266}},"712":{"start":{"line":2,"column":28285},"end":{"line":2,"column":28294}},"713":{"start":{"line":2,"column":28297},"end":{"line":2,"column":28305}},"714":{"start":{"line":2,"column":28321},"end":{"line":2,"column":28329}},"715":{"start":{"line":2,"column":28344},"end":{"line":2,"column":28351}},"716":{"start":{"line":2,"column":28378},"end":{"line":2,"column":28513}},"717":{"start":{"line":2,"column":28382},"end":{"line":2,"column":28483}},"718":{"start":{"line":2,"column":28493},"end":{"line":2,"column":28512}},"719":{"start":{"line":2,"column":28514},"end":{"line":2,"column":30771}},"720":{"start":{"line":2,"column":28551},"end":{"line":2,"column":28791}},"721":{"start":{"line":2,"column":28794},"end":{"line":2,"column":28803}},"722":{"start":{"line":2,"column":28806},"end":{"line":2,"column":30096}},"723":{"start":{"line":2,"column":28824},"end":{"line":2,"column":28832}},"724":{"start":{"line":2,"column":28852},"end":{"line":2,"column":28897}},"725":{"start":{"line":2,"column":28919},"end":{"line":2,"column":28940}},"726":{"start":{"line":2,"column":28964},"end":{"line":2,"column":28973}},"727":{"start":{"line":2,"column":28974},"end":{"line":2,"column":29242}},"728":{"start":{"line":2,"column":29004},"end":{"line":2,"column":29230}},"729":{"start":{"line":2,"column":29033},"end":{"line":2,"column":29052}},"730":{"start":{"line":2,"column":29053},"end":{"line":2,"column":29221}},"731":{"start":{"line":2,"column":29078},"end":{"line":2,"column":29104}},"732":{"start":{"line":2,"column":29105},"end":{"line":2,"column":29219}},"733":{"start":{"line":2,"column":29271},"end":{"line":2,"column":29272}},"734":{"start":{"line":2,"column":29293},"end":{"line":2,"column":29900}},"735":{"start":{"line":2,"column":29317},"end":{"line":2,"column":29321}},"736":{"start":{"line":2,"column":29324},"end":{"line":2,"column":29333}},"737":{"start":{"line":2,"column":29336},"end":{"line":2,"column":29654}},"738":{"start":{"line":2,"column":29355},"end":{"line":2,"column":29653}},"739":{"start":{"line":2,"column":29366},"end":{"line":2,"column":29448}},"740":{"start":{"line":2,"column":29400},"end":{"line":2,"column":29448}},"741":{"start":{"line":2,"column":29448},"end":{"line":2,"column":29652}},"742":{"start":{"line":2,"column":29657},"end":{"line":2,"column":29809}},"743":{"start":{"line":2,"column":29672},"end":{"line":2,"column":29808}},"744":{"start":{"line":2,"column":29676},"end":{"line":2,"column":29679}},"745":{"start":{"line":2,"column":29689},"end":{"line":2,"column":29807}},"746":{"start":{"line":2,"column":29810},"end":{"line":2,"column":29899}},"747":{"start":{"line":2,"column":29901},"end":{"line":2,"column":30042}},"748":{"start":{"line":2,"column":29931},"end":{"line":2,"column":30030}},"749":{"start":{"line":2,"column":30064},"end":{"line":2,"column":30094}},"750":{"start":{"line":2,"column":30099},"end":{"line":2,"column":30101}},"751":{"start":{"line":2,"column":30102},"end":{"line":2,"column":30405}},"752":{"start":{"line":2,"column":30138},"end":{"line":2,"column":30142}},"753":{"start":{"line":2,"column":30145},"end":{"line":2,"column":30149}},"754":{"start":{"line":2,"column":30150},"end":{"line":2,"column":30373}},"755":{"start":{"line":2,"column":30184},"end":{"line":2,"column":30187}},"756":{"start":{"line":2,"column":30288},"end":{"line":2,"column":30346}},"757":{"start":{"line":2,"column":30430},"end":{"line":2,"column":30446}},"758":{"start":{"line":2,"column":30449},"end":{"line":2,"column":30450}},"759":{"start":{"line":2,"column":30453},"end":{"line":2,"column":30461}},"760":{"start":{"line":2,"column":30464},"end":{"line":2,"column":30481}},"761":{"start":{"line":2,"column":30484},"end":{"line":2,"column":30496}},"762":{"start":{"line":2,"column":30499},"end":{"line":2,"column":30609}},"763":{"start":{"line":2,"column":30511},"end":{"line":2,"column":30608}},"764":{"start":{"line":2,"column":30530},"end":{"line":2,"column":30607}},"765":{"start":{"line":2,"column":30610},"end":{"line":2,"column":30717}},"766":{"start":{"line":2,"column":30701},"end":{"line":2,"column":30717}},"767":{"start":{"line":2,"column":30717},"end":{"line":2,"column":30749}},"768":{"start":{"line":2,"column":30727},"end":{"line":2,"column":30749}},"769":{"start":{"line":2,"column":30749},"end":{"line":2,"column":30767}},"770":{"start":{"line":2,"column":30777},"end":{"line":2,"column":30833}},"771":{"start":{"line":2,"column":30834},"end":{"line":2,"column":31050}},"772":{"start":{"line":2,"column":30873},"end":{"line":2,"column":30984}},"773":{"start":{"line":2,"column":31015},"end":{"line":2,"column":31048}},"774":{"start":{"line":2,"column":31039},"end":{"line":2,"column":31046}},"775":{"start":{"line":2,"column":31056},"end":{"line":2,"column":31068}},"776":{"start":{"line":2,"column":31069},"end":{"line":2,"column":31327}},"777":{"start":{"line":2,"column":31092},"end":{"line":2,"column":31156}},"778":{"start":{"line":2,"column":31130},"end":{"line":2,"column":31149}},"779":{"start":{"line":2,"column":31209},"end":{"line":2,"column":31303}},"780":{"start":{"line":2,"column":31340},"end":{"line":2,"column":31425}},"781":{"start":{"line":2,"column":31426},"end":{"line":2,"column":31601}},"782":{"start":{"line":2,"column":31607},"end":{"line":2,"column":31923}},"783":{"start":{"line":2,"column":31637},"end":{"line":2,"column":31638}},"784":{"start":{"line":2,"column":31641},"end":{"line":2,"column":31649}},"785":{"start":{"line":2,"column":31652},"end":{"line":2,"column":31659}},"786":{"start":{"line":2,"column":31660},"end":{"line":2,"column":31886}},"787":{"start":{"line":2,"column":31680},"end":{"line":2,"column":31685}},"788":{"start":{"line":2,"column":31685},"end":{"line":2,"column":31716}},"789":{"start":{"line":2,"column":31696},"end":{"line":2,"column":31716}},"790":{"start":{"line":2,"column":31722},"end":{"line":2,"column":31886}},"791":{"start":{"line":2,"column":31806},"end":{"line":2,"column":31827}},"792":{"start":{"line":2,"column":31834},"end":{"line":2,"column":31886}},"793":{"start":{"line":2,"column":31847},"end":{"line":2,"column":31886}},"794":{"start":{"line":2,"column":31886},"end":{"line":2,"column":31922}},"795":{"start":{"line":2,"column":31926},"end":{"line":2,"column":31933}},"796":{"start":{"line":2,"column":31936},"end":{"line":2,"column":31947}},"797":{"start":{"line":2,"column":31964},"end":{"line":2,"column":31986}},"798":{"start":{"line":2,"column":32001},"end":{"line":2,"column":32039}},"799":{"start":{"line":2,"column":32046},"end":{"line":2,"column":32110}},"800":{"start":{"line":2,"column":32058},"end":{"line":2,"column":32109}},"801":{"start":{"line":2,"column":32124},"end":{"line":2,"column":32154}},"802":{"start":{"line":2,"column":32155},"end":{"line":2,"column":33013}},"803":{"start":{"line":2,"column":32200},"end":{"line":2,"column":32215}},"804":{"start":{"line":2,"column":32216},"end":{"line":2,"column":32335}},"805":{"start":{"line":2,"column":32365},"end":{"line":2,"column":32378}},"806":{"start":{"line":2,"column":32379},"end":{"line":2,"column":32440}},"807":{"start":{"line":2,"column":32401},"end":{"line":2,"column":32411}},"808":{"start":{"line":2,"column":32416},"end":{"line":2,"column":32440}},"809":{"start":{"line":2,"column":32427},"end":{"line":2,"column":32440}},"810":{"start":{"line":2,"column":32440},"end":{"line":2,"column":32448}},"811":{"start":{"line":2,"column":32468},"end":{"line":2,"column":32538}},"812":{"start":{"line":2,"column":32563},"end":{"line":2,"column":32662}},"813":{"start":{"line":2,"column":32693},"end":{"line":2,"column":32708}},"814":{"start":{"line":2,"column":32709},"end":{"line":2,"column":32928}},"815":{"start":{"line":2,"column":32724},"end":{"line":2,"column":32835}},"816":{"start":{"line":2,"column":32739},"end":{"line":2,"column":32810}},"817":{"start":{"line":2,"column":32810},"end":{"line":2,"column":32834}},"818":{"start":{"line":2,"column":32820},"end":{"line":2,"column":32834}},"819":{"start":{"line":2,"column":32835},"end":{"line":2,"column":32927}},"820":{"start":{"line":2,"column":32956},"end":{"line":2,"column":32971}},"821":{"start":{"line":2,"column":32972},"end":{"line":2,"column":33010}},"822":{"start":{"line":2,"column":33019},"end":{"line":2,"column":33024}},"823":{"start":{"line":2,"column":33027},"end":{"line":2,"column":33032}},"824":{"start":{"line":2,"column":33035},"end":{"line":2,"column":33066}},"825":{"start":{"line":2,"column":33070},"end":{"line":2,"column":33078}},"826":{"start":{"line":2,"column":33094},"end":{"line":2,"column":33181}},"827":{"start":{"line":2,"column":33207},"end":{"line":2,"column":33372}},"828":{"start":{"line":2,"column":33237},"end":{"line":2,"column":33372}},"829":{"start":{"line":2,"column":33323},"end":{"line":2,"column":33345}},"830":{"start":{"line":2,"column":33327},"end":{"line":2,"column":33334}},"831":{"start":{"line":2,"column":33345},"end":{"line":2,"column":33357}},"832":{"start":{"line":2,"column":33363},"end":{"line":2,"column":33372}},"833":{"start":{"line":2,"column":33372},"end":{"line":2,"column":33380}},"834":{"start":{"line":2,"column":33381},"end":{"line":2,"column":35434}},"835":{"start":{"line":2,"column":33411},"end":{"line":2,"column":33444}},"836":{"start":{"line":2,"column":33467},"end":{"line":2,"column":33489}},"837":{"start":{"line":2,"column":33516},"end":{"line":2,"column":33529}},"838":{"start":{"line":2,"column":33553},"end":{"line":2,"column":33575}},"839":{"start":{"line":2,"column":33603},"end":{"line":2,"column":33616}},"840":{"start":{"line":2,"column":33664},"end":{"line":2,"column":33671}},"841":{"start":{"line":2,"column":33674},"end":{"line":2,"column":33689}},"842":{"start":{"line":2,"column":33690},"end":{"line":2,"column":33906}},"843":{"start":{"line":2,"column":33705},"end":{"line":2,"column":33897}},"844":{"start":{"line":2,"column":33776},"end":{"line":2,"column":33787}},"845":{"start":{"line":2,"column":33787},"end":{"line":2,"column":33870}},"846":{"start":{"line":2,"column":33797},"end":{"line":2,"column":33870}},"847":{"start":{"line":2,"column":33870},"end":{"line":2,"column":33896}},"848":{"start":{"line":2,"column":33897},"end":{"line":2,"column":33905}},"849":{"start":{"line":2,"column":33906},"end":{"line":2,"column":34159}},"850":{"start":{"line":2,"column":33952},"end":{"line":2,"column":33965}},"851":{"start":{"line":2,"column":33993},"end":{"line":2,"column":34123}},"852":{"start":{"line":2,"column":34011},"end":{"line":2,"column":34047}},"853":{"start":{"line":2,"column":34038},"end":{"line":2,"column":34047}},"854":{"start":{"line":2,"column":34047},"end":{"line":2,"column":34079}},"855":{"start":{"line":2,"column":34071},"end":{"line":2,"column":34079}},"856":{"start":{"line":2,"column":34085},"end":{"line":2,"column":34123}},"857":{"start":{"line":2,"column":34106},"end":{"line":2,"column":34121}},"858":{"start":{"line":2,"column":34184},"end":{"line":2,"column":34230}},"859":{"start":{"line":2,"column":34212},"end":{"line":2,"column":34228}},"860":{"start":{"line":2,"column":34272},"end":{"line":2,"column":34389}},"861":{"start":{"line":2,"column":34277},"end":{"line":2,"column":34389}},"862":{"start":{"line":2,"column":34413},"end":{"line":2,"column":34423}},"863":{"start":{"line":2,"column":34429},"end":{"line":2,"column":34441}},"864":{"start":{"line":2,"column":34444},"end":{"line":2,"column":34452}},"865":{"start":{"line":2,"column":34455},"end":{"line":2,"column":34464}},"866":{"start":{"line":2,"column":34467},"end":{"line":2,"column":34485}},"867":{"start":{"line":2,"column":34488},"end":{"line":2,"column":34514}},"868":{"start":{"line":2,"column":34499},"end":{"line":2,"column":34513}},"869":{"start":{"line":2,"column":34515},"end":{"line":2,"column":34639}},"870":{"start":{"line":2,"column":34673},"end":{"line":2,"column":34687}},"871":{"start":{"line":2,"column":34688},"end":{"line":2,"column":34798}},"872":{"start":{"line":2,"column":34769},"end":{"line":2,"column":34794}},"873":{"start":{"line":2,"column":34841},"end":{"line":2,"column":34842}},"874":{"start":{"line":2,"column":34843},"end":{"line":2,"column":35057}},"875":{"start":{"line":2,"column":34967},"end":{"line":2,"column":34984}},"876":{"start":{"line":2,"column":34985},"end":{"line":2,"column":35055}},"877":{"start":{"line":2,"column":35079},"end":{"line":2,"column":35126}},"878":{"start":{"line":2,"column":35107},"end":{"line":2,"column":35124}},"879":{"start":{"line":2,"column":35151},"end":{"line":2,"column":35180}},"880":{"start":{"line":2,"column":35212},"end":{"line":2,"column":35213}},"881":{"start":{"line":2,"column":35216},"end":{"line":2,"column":35228}},"882":{"start":{"line":2,"column":35231},"end":{"line":2,"column":35235}},"883":{"start":{"line":2,"column":35238},"end":{"line":2,"column":35249}},"884":{"start":{"line":2,"column":35252},"end":{"line":2,"column":35289}},"885":{"start":{"line":2,"column":35263},"end":{"line":2,"column":35288}},"886":{"start":{"line":2,"column":35290},"end":{"line":2,"column":35335}},"887":{"start":{"line":2,"column":35335},"end":{"line":2,"column":35407}},"888":{"start":{"line":2,"column":35345},"end":{"line":2,"column":35407}},"889":{"start":{"line":2,"column":35407},"end":{"line":2,"column":35430}},"890":{"start":{"line":2,"column":35441},"end":{"line":2,"column":35485}},"891":{"start":{"line":2,"column":35489},"end":{"line":2,"column":35538}},"892":{"start":{"line":2,"column":35542},"end":{"line":2,"column":35573}},"893":{"start":{"line":2,"column":35577},"end":{"line":2,"column":35711}},"894":{"start":{"line":2,"column":35591},"end":{"line":2,"column":35710}},"895":{"start":{"line":2,"column":35715},"end":{"line":2,"column":35844}},"896":{"start":{"line":2,"column":35743},"end":{"line":2,"column":35745}},"897":{"start":{"line":2,"column":35746},"end":{"line":2,"column":35789}},"898":{"start":{"line":2,"column":35757},"end":{"line":2,"column":35789}},"899":{"start":{"line":2,"column":35789},"end":{"line":2,"column":35808}},"900":{"start":{"line":2,"column":35808},"end":{"line":2,"column":35835}},"901":{"start":{"line":2,"column":35819},"end":{"line":2,"column":35835}},"902":{"start":{"line":2,"column":35835},"end":{"line":2,"column":35843}},"903":{"start":{"line":2,"column":35876},"end":{"line":2,"column":35878}},"904":{"start":{"line":2,"column":35881},"end":{"line":2,"column":35942}},"905":{"start":{"line":2,"column":35894},"end":{"line":2,"column":35908}},"906":{"start":{"line":2,"column":35921},"end":{"line":2,"column":35941}},"907":{"start":{"line":2,"column":35945},"end":{"line":2,"column":35948}},"908":{"start":{"line":2,"column":35951},"end":{"line":2,"column":35984}},"909":{"start":{"line":2,"column":35987},"end":{"line":2,"column":36038}},"910":{"start":{"line":2,"column":36039},"end":{"line":2,"column":36174}},"911":{"start":{"line":2,"column":36055},"end":{"line":2,"column":36078}},"912":{"start":{"line":2,"column":36078},"end":{"line":2,"column":36144}},"913":{"start":{"line":2,"column":36088},"end":{"line":2,"column":36144}},"914":{"start":{"line":2,"column":36144},"end":{"line":2,"column":36173}},"915":{"start":{"line":2,"column":36174},"end":{"line":2,"column":36260}},"916":{"start":{"line":2,"column":36268},"end":{"line":2,"column":36270}},"917":{"start":{"line":2,"column":36294},"end":{"line":2,"column":36309}},"918":{"start":{"line":2,"column":36312},"end":{"line":2,"column":36322}},"919":{"start":{"line":2,"column":36325},"end":{"line":2,"column":36330}},"920":{"start":{"line":2,"column":36331},"end":{"line":2,"column":36466}},"921":{"start":{"line":2,"column":36484},"end":{"line":2,"column":36724}},"922":{"start":{"line":2,"column":36524},"end":{"line":2,"column":36724}},"923":{"start":{"line":2,"column":36724},"end":{"line":2,"column":36778}},"924":{"start":{"line":2,"column":36740},"end":{"line":2,"column":36778}},"925":{"start":{"line":2,"column":36778},"end":{"line":2,"column":36786}},"926":{"start":{"line":2,"column":36787},"end":{"line":2,"column":37005}},"927":{"start":{"line":2,"column":36816},"end":{"line":2,"column":36834}},"928":{"start":{"line":2,"column":36852},"end":{"line":2,"column":36867}},"929":{"start":{"line":2,"column":36888},"end":{"line":2,"column":37001}},"930":{"start":{"line":2,"column":36961},"end":{"line":2,"column":36999}},"931":{"start":{"line":2,"column":37012},"end":{"line":2,"column":37035}},"932":{"start":{"line":2,"column":37039},"end":{"line":2,"column":37071}},"933":{"start":{"line":2,"column":37075},"end":{"line":2,"column":37111}},"934":{"start":{"line":2,"column":37115},"end":{"line":2,"column":37365}},"935":{"start":{"line":2,"column":37366},"end":{"line":2,"column":37450}},"936":{"start":{"line":2,"column":37473},"end":{"line":2,"column":37663}},"937":{"start":{"line":2,"column":37681},"end":{"line":2,"column":37765}},"938":{"start":{"line":2,"column":37712},"end":{"line":2,"column":37765}},"939":{"start":{"line":2,"column":37773},"end":{"line":2,"column":37784}},"940":{"start":{"line":2,"column":37808},"end":{"line":2,"column":38237}},"941":{"start":{"line":2,"column":37885},"end":{"line":2,"column":38237}},"942":{"start":{"line":2,"column":37904},"end":{"line":2,"column":38237}},"943":{"start":{"line":2,"column":37923},"end":{"line":2,"column":37951}},"944":{"start":{"line":2,"column":37956},"end":{"line":2,"column":38237}},"945":{"start":{"line":2,"column":37971},"end":{"line":2,"column":38124}},"946":{"start":{"line":2,"column":38124},"end":{"line":2,"column":38148}},"947":{"start":{"line":2,"column":38134},"end":{"line":2,"column":38148}},"948":{"start":{"line":2,"column":38148},"end":{"line":2,"column":38203}},"949":{"start":{"line":2,"column":38209},"end":{"line":2,"column":38237}},"950":{"start":{"line":2,"column":38237},"end":{"line":2,"column":38258}},"951":{"start":{"line":2,"column":38258},"end":{"line":2,"column":38444}},"952":{"start":{"line":2,"column":38273},"end":{"line":2,"column":38444}},"953":{"start":{"line":2,"column":38297},"end":{"line":2,"column":38310}},"954":{"start":{"line":2,"column":38315},"end":{"line":2,"column":38444}},"955":{"start":{"line":2,"column":38394},"end":{"line":2,"column":38398}},"956":{"start":{"line":2,"column":38398},"end":{"line":2,"column":38443}},"957":{"start":{"line":2,"column":38413},"end":{"line":2,"column":38443}},"958":{"start":{"line":2,"column":38444},"end":{"line":2,"column":38452}},"959":{"start":{"line":2,"column":38453},"end":{"line":2,"column":38831}},"960":{"start":{"line":2,"column":38471},"end":{"line":2,"column":38533}},"961":{"start":{"line":2,"column":38536},"end":{"line":2,"column":38560}},"962":{"start":{"line":2,"column":38561},"end":{"line":2,"column":38827}},"963":{"start":{"line":2,"column":38838},"end":{"line":2,"column":38855}},"964":{"start":{"line":2,"column":38859},"end":{"line":2,"column":38865}},"965":{"start":{"line":2,"column":38869},"end":{"line":2,"column":38917}},"966":{"start":{"line":2,"column":38921},"end":{"line":2,"column":38942}},"967":{"start":{"line":2,"column":38957},"end":{"line":2,"column":38965}},"968":{"start":{"line":2,"column":38980},"end":{"line":2,"column":38988}},"969":{"start":{"line":2,"column":39003},"end":{"line":2,"column":39040}},"970":{"start":{"line":2,"column":39007},"end":{"line":2,"column":39029}},"971":{"start":{"line":2,"column":39074},"end":{"line":2,"column":39174}},"972":{"start":{"line":2,"column":39097},"end":{"line":2,"column":39135}},"973":{"start":{"line":2,"column":39135},"end":{"line":2,"column":39165}},"974":{"start":{"line":2,"column":39146},"end":{"line":2,"column":39165}},"975":{"start":{"line":2,"column":39165},"end":{"line":2,"column":39173}},"976":{"start":{"line":2,"column":39174},"end":{"line":2,"column":39307}},"977":{"start":{"line":2,"column":39282},"end":{"line":2,"column":39287}},"978":{"start":{"line":2,"column":39292},"end":{"line":2,"column":39307}},"979":{"start":{"line":2,"column":39298},"end":{"line":2,"column":39307}},"980":{"start":{"line":2,"column":39307},"end":{"line":2,"column":39462}},"981":{"start":{"line":2,"column":39341},"end":{"line":2,"column":39382}},"982":{"start":{"line":2,"column":39435},"end":{"line":2,"column":39460}},"983":{"start":{"line":2,"column":39463},"end":{"line":2,"column":45709}},"984":{"start":{"line":2,"column":39534},"end":{"line":2,"column":39542}},"985":{"start":{"line":2,"column":39543},"end":{"line":2,"column":40411}},"986":{"start":{"line":2,"column":39549},"end":{"line":2,"column":39854}},"987":{"start":{"line":2,"column":39717},"end":{"line":2,"column":39815}},"988":{"start":{"line":2,"column":39854},"end":{"line":2,"column":40410}},"989":{"start":{"line":2,"column":39864},"end":{"line":2,"column":40410}},"990":{"start":{"line":2,"column":40468},"end":{"line":2,"column":40490}},"991":{"start":{"line":2,"column":40491},"end":{"line":2,"column":41170}},"992":{"start":{"line":2,"column":40511},"end":{"line":2,"column":40547}},"993":{"start":{"line":2,"column":40547},"end":{"line":2,"column":41122}},"994":{"start":{"line":2,"column":40557},"end":{"line":2,"column":41122}},"995":{"start":{"line":2,"column":40623},"end":{"line":2,"column":40769}},"996":{"start":{"line":2,"column":40769},"end":{"line":2,"column":40970}},"997":{"start":{"line":2,"column":40779},"end":{"line":2,"column":40970}},"998":{"start":{"line":2,"column":40970},"end":{"line":2,"column":41073}},"999":{"start":{"line":2,"column":41079},"end":{"line":2,"column":41122}},"1000":{"start":{"line":2,"column":41090},"end":{"line":2,"column":41122}},"1001":{"start":{"line":2,"column":41122},"end":{"line":2,"column":41169}},"1002":{"start":{"line":2,"column":41199},"end":{"line":2,"column":41213}},"1003":{"start":{"line":2,"column":41228},"end":{"line":2,"column":41255}},"1004":{"start":{"line":2,"column":41258},"end":{"line":2,"column":41296}},"1005":{"start":{"line":2,"column":41299},"end":{"line":2,"column":41326}},"1006":{"start":{"line":2,"column":41327},"end":{"line":2,"column":41383}},"1007":{"start":{"line":2,"column":41365},"end":{"line":2,"column":41383}},"1008":{"start":{"line":2,"column":41383},"end":{"line":2,"column":41910}},"1009":{"start":{"line":2,"column":41457},"end":{"line":2,"column":41495}},"1010":{"start":{"line":2,"column":41495},"end":{"line":2,"column":41850}},"1011":{"start":{"line":2,"column":41540},"end":{"line":2,"column":41567}},"1012":{"start":{"line":2,"column":41567},"end":{"line":2,"column":41849}},"1013":{"start":{"line":2,"column":41629},"end":{"line":2,"column":41849}},"1014":{"start":{"line":2,"column":41850},"end":{"line":2,"column":41909}},"1015":{"start":{"line":2,"column":41951},"end":{"line":2,"column":41953}},"1016":{"start":{"line":2,"column":41956},"end":{"line":2,"column":41971}},"1017":{"start":{"line":2,"column":41974},"end":{"line":2,"column":41982}},"1018":{"start":{"line":2,"column":41983},"end":{"line":2,"column":42317}},"1019":{"start":{"line":2,"column":42034},"end":{"line":2,"column":42317}},"1020":{"start":{"line":2,"column":42069},"end":{"line":2,"column":42317}},"1021":{"start":{"line":2,"column":42125},"end":{"line":2,"column":42279}},"1022":{"start":{"line":2,"column":42151},"end":{"line":2,"column":42279}},"1023":{"start":{"line":2,"column":42279},"end":{"line":2,"column":42316}},"1024":{"start":{"line":2,"column":42317},"end":{"line":2,"column":42381}},"1025":{"start":{"line":2,"column":42405},"end":{"line":2,"column":42713}},"1026":{"start":{"line":2,"column":42498},"end":{"line":2,"column":42548}},"1027":{"start":{"line":2,"column":42520},"end":{"line":2,"column":42548}},"1028":{"start":{"line":2,"column":42561},"end":{"line":2,"column":42611}},"1029":{"start":{"line":2,"column":42583},"end":{"line":2,"column":42611}},"1030":{"start":{"line":2,"column":42629},"end":{"line":2,"column":42710}},"1031":{"start":{"line":2,"column":42731},"end":{"line":2,"column":42767}},"1032":{"start":{"line":2,"column":42823},"end":{"line":2,"column":42872}},"1033":{"start":{"line":2,"column":42850},"end":{"line":2,"column":42872}},"1034":{"start":{"line":2,"column":42923},"end":{"line":2,"column":42970}},"1035":{"start":{"line":2,"column":42949},"end":{"line":2,"column":42970}},"1036":{"start":{"line":2,"column":43023},"end":{"line":2,"column":43100}},"1037":{"start":{"line":2,"column":43078},"end":{"line":2,"column":43100}},"1038":{"start":{"line":2,"column":43123},"end":{"line":2,"column":43145}},"1039":{"start":{"line":2,"column":43187},"end":{"line":2,"column":43261}},"1040":{"start":{"line":2,"column":43296},"end":{"line":2,"column":43345}},"1041":{"start":{"line":2,"column":43369},"end":{"line":2,"column":43423}},"1042":{"start":{"line":2,"column":43399},"end":{"line":2,"column":43423}},"1043":{"start":{"line":2,"column":43423},"end":{"line":2,"column":43806}},"1044":{"start":{"line":2,"column":43973},"end":{"line":2,"column":43991}},"1045":{"start":{"line":2,"column":43992},"end":{"line":2,"column":44059}},"1046":{"start":{"line":2,"column":44094},"end":{"line":2,"column":44112}},"1047":{"start":{"line":2,"column":44113},"end":{"line":2,"column":44183}},"1048":{"start":{"line":2,"column":44227},"end":{"line":2,"column":44245}},"1049":{"start":{"line":2,"column":44246},"end":{"line":2,"column":44357}},"1050":{"start":{"line":2,"column":44725},"end":{"line":2,"column":44733}},"1051":{"start":{"line":2,"column":44734},"end":{"line":2,"column":44875}},"1052":{"start":{"line":2,"column":45016},"end":{"line":2,"column":45228}},"1053":{"start":{"line":2,"column":45089},"end":{"line":2,"column":45093}},"1054":{"start":{"line":2,"column":45096},"end":{"line":2,"column":45111}},"1055":{"start":{"line":2,"column":45114},"end":{"line":2,"column":45125}},"1056":{"start":{"line":2,"column":45126},"end":{"line":2,"column":45226}},"1057":{"start":{"line":2,"column":45265},"end":{"line":2,"column":45288}},"1058":{"start":{"line":2,"column":45312},"end":{"line":2,"column":45337}},"1059":{"start":{"line":2,"column":45367},"end":{"line":2,"column":45525}},"1060":{"start":{"line":2,"column":4
[...]
":[{"start":{"line":5,"column":14635},"end":{"line":5,"column":14669}},{"start":{"line":5,"column":14635},"end":{"line":5,"column":14669}}],"line":5},"216":{"loc":{"start":{"line":5,"column":14638},"end":{"line":5,"column":14659}},"type":"binary-expr","locations":[{"start":{"line":5,"column":14638},"end":{"line":5,"column":14645}},{"start":{"line":5,"column":14647},"end":{"line":5,"column":14659}}],"line":5},"217":{"loc":{"start":{"line":5,"column":14865},"end":{"line":5,"column":14909}},"type":"cond-expr","locations":[{"start":{"line":5,"column":14878},"end":{"line":5,"column":14904}},{"start":{"line":5,"column":14905},"end":{"line":5,"column":14909}}],"line":5},"218":{"loc":{"start":{"line":5,"column":14943},"end":{"line":5,"column":15008}},"type":"cond-expr","locations":[{"start":{"line":5,"column":14951},"end":{"line":5,"column":14963}},{"start":{"line":5,"column":14964},"end":{"line":5,"column":15008}}],"line":5},"219":{"loc":{"start":{"line":5,"column":14983},"end":{"line":5,"column":15007}},"type":"cond-expr","locations":[{"start":{"line":5,"column":14996},"end":{"line":5,"column":15002}},{"start":{"line":5,"column":15003},"end":{"line":5,"column":15007}}],"line":5},"220":{"loc":{"start":{"line":5,"column":15237},"end":{"line":5,"column":15255}},"type":"binary-expr","locations":[{"start":{"line":5,"column":15237},"end":{"line":5,"column":15244}},{"start":{"line":5,"column":15247},"end":{"line":5,"column":15254}}],"line":5},"221":{"loc":{"start":{"line":5,"column":15299},"end":{"line":5,"column":15347}},"type":"binary-expr","locations":[{"start":{"line":5,"column":15299},"end":{"line":5,"column":15307}},{"start":{"line":5,"column":15309},"end":{"line":5,"column":15347}}],"line":5},"222":{"loc":{"start":{"line":5,"column":15576},"end":{"line":5,"column":15591}},"type":"cond-expr","locations":[{"start":{"line":5,"column":15584},"end":{"line":5,"column":15586}},{"start":{"line":5,"column":15587},"end":{"line":5,"column":15591}}],"line":5},"223":{"loc":{"start":{"line":5,"column":15592},"end":{"line":5,"column":15618}},"type":"cond-expr","locations":[{"start":{"line":5,"column":15602},"end":{"line":5,"column":15616}},{"start":{"line":5,"column":15617},"end":{"line":5,"column":15618}}],"line":5},"224":{"loc":{"start":{"line":5,"column":15676},"end":{"line":5,"column":15697}},"type":"binary-expr","locations":[{"start":{"line":5,"column":15676},"end":{"line":5,"column":15688}},{"start":{"line":5,"column":15691},"end":{"line":5,"column":15696}}],"line":5},"225":{"loc":{"start":{"line":5,"column":15713},"end":{"line":5,"column":15754}},"type":"if","locations":[{"start":{"line":5,"column":15713},"end":{"line":5,"column":15754}},{"start":{"line":5,"column":15713},"end":{"line":5,"column":15754}}],"line":5},"226":{"loc":{"start":{"line":5,"column":15726},"end":{"line":5,"column":15753}},"type":"cond-expr","locations":[{"start":{"line":5,"column":15742},"end":{"line":5,"column":15751}},{"start":{"line":5,"column":15752},"end":{"line":5,"column":15753}}],"line":5},"227":{"loc":{"start":{"line":5,"column":15781},"end":{"line":5,"column":15803}},"type":"cond-expr","locations":[{"start":{"line":5,"column":15789},"end":{"line":5,"column":15795}},{"start":{"line":5,"column":15796},"end":{"line":5,"column":15803}}],"line":5},"228":{"loc":{"start":{"line":5,"column":15804},"end":{"line":5,"column":15825}},"type":"binary-expr","locations":[{"start":{"line":5,"column":15804},"end":{"line":5,"column":15814}},{"start":{"line":5,"column":15817},"end":{"line":5,"column":15824}}],"line":5},"229":{"loc":{"start":{"line":5,"column":15828},"end":{"line":5,"column":15855}},"type":"cond-expr","locations":[{"start":{"line":5,"column":15844},"end":{"line":5,"column":15853}},{"start":{"line":5,"column":15854},"end":{"line":5,"column":15855}}],"line":5},"230":{"loc":{"start":{"line":5,"column":15917},"end":{"line":5,"column":15924}},"type":"cond-expr","locations":[{"start":{"line":5,"column":15919},"end":{"line":5,"column":15922}},{"start":{"line":5,"column":15923},"end":{"line":5,"column":15924}}],"line":5},"231":{"loc":{"start":{"line":5,"column":16206},"end":{"line":5,"column":16218}},"type":"binary-expr","locations":[{"start":{"line":5,"column":16206},"end":{"line":5,"column":16208}},{"start":{"line":5,"column":16210},"end":{"line":5,"column":16211}},{"start":{"line":5,"column":16214},"end":{"line":5,"column":16217}}],"line":5},"232":{"loc":{"start":{"line":5,"column":16274},"end":{"line":5,"column":16285}},"type":"binary-expr","locations":[{"start":{"line":5,"column":16274},"end":{"line":5,"column":16282}},{"start":{"line":5,"column":16284},"end":{"line":5,"column":16285}}],"line":5},"233":{"loc":{"start":{"line":5,"column":16295},"end":{"line":5,"column":16311}},"type":"binary-expr","locations":[{"start":{"line":5,"column":16295},"end":{"line":5,"column":16308}},{"start":{"line":5,"column":16310},"end":{"line":5,"column":16311}}],"line":5},"234":{"loc":{"start":{"line":5,"column":16321},"end":{"line":5,"column":16334}},"type":"binary-expr","locations":[{"start":{"line":5,"column":16321},"end":{"line":5,"column":16331}},{"start":{"line":5,"column":16333},"end":{"line":5,"column":16334}}],"line":5},"235":{"loc":{"start":{"line":5,"column":16460},"end":{"line":5,"column":16585}},"type":"cond-expr","locations":[{"start":{"line":5,"column":16462},"end":{"line":5,"column":16513}},{"start":{"line":5,"column":16514},"end":{"line":5,"column":16585}}],"line":5},"236":{"loc":{"start":{"line":5,"column":16514},"end":{"line":5,"column":16585}},"type":"cond-expr","locations":[{"start":{"line":5,"column":16516},"end":{"line":5,"column":16557}},{"start":{"line":5,"column":16558},"end":{"line":5,"column":16585}}],"line":5},"237":{"loc":{"start":{"line":5,"column":16558},"end":{"line":5,"column":16585}},"type":"binary-expr","locations":[{"start":{"line":5,"column":16558},"end":{"line":5,"column":16559}},{"start":{"line":5,"column":16562},"end":{"line":5,"column":16584}}],"line":5},"238":{"loc":{"start":{"line":5,"column":16600},"end":{"line":5,"column":16642}},"type":"binary-expr","locations":[{"start":{"line":5,"column":16600},"end":{"line":5,"column":16610}},{"start":{"line":5,"column":16613},"end":{"line":5,"column":16641}}],"line":5},"239":{"loc":{"start":{"line":5,"column":16777},"end":{"line":5,"column":16794}},"type":"binary-expr","locations":[{"start":{"line":5,"column":16777},"end":{"line":5,"column":16787}},{"start":{"line":5,"column":16789},"end":{"line":5,"column":16794}}],"line":5},"240":{"loc":{"start":{"line":5,"column":16875},"end":{"line":5,"column":16892}},"type":"binary-expr","locations":[{"start":{"line":5,"column":16875},"end":{"line":5,"column":16885}},{"start":{"line":5,"column":16887},"end":{"line":5,"column":16892}}],"line":5},"241":{"loc":{"start":{"line":5,"column":17019},"end":{"line":5,"column":17042}},"type":"cond-expr","locations":[{"start":{"line":5,"column":17028},"end":{"line":5,"column":17040}},{"start":{"line":5,"column":17041},"end":{"line":5,"column":17042}}],"line":5},"242":{"loc":{"start":{"line":5,"column":17398},"end":{"line":5,"column":17450}},"type":"binary-expr","locations":[{"start":{"line":5,"column":17398},"end":{"line":5,"column":17409}},{"start":{"line":5,"column":17411},"end":{"line":5,"column":17423}},{"start":{"line":5,"column":17425},"end":{"line":5,"column":17437}},{"start":{"line":5,"column":17439},"end":{"line":5,"column":17450}}],"line":5},"243":{"loc":{"start":{"line":5,"column":17767},"end":{"line":5,"column":17850}},"type":"binary-expr","locations":[{"start":{"line":5,"column":17767},"end":{"line":5,"column":17792}},{"start":{"line":5,"column":17794},"end":{"line":5,"column":17804}},{"start":{"line":5,"column":17806},"end":{"line":5,"column":17850}}],"line":5}},"s":{"0":1,"1":1,"2":1,"3":1,"4":1,"5":1,"6":1,"7":1,"8":1,"9":1,"10":1,"11":1,"12":1,"13":1,"14":1,"15":0,"16":1,"17":1,"18":4,"19":4,"20":0,"21":0,"22":0,"23":0,"24":0,"25":0,"26":0,"27":0,"28":0,"29":1,"30":0,"31":1,"32":0,"33":1,"34":11,"35":2,"36":3,"37":2,"38":0,"39":2,"40":0,"41":0,"42":0,"43":0,"44":0,"45":1,"46":0,"47":0,"48":0,"49":0,"50":0,"51":0,"52":0,"53":1,"54":1,"55":4,"56":1,"57":0,"58":1,"59":0,"60":0,"61":0,"62":0,"63":0,"64":1,"65":1,"66":1,"67":4,"68":4,"69":1,"70":4,"71":4,"72":161,"73":0,"74":0,"75":0,"76":4,"77":0,"78":0,"79":0,"80":0,"81":0,"82":1,"83":2,"84":0,"85":0,"86":0,"87":0,"88":0,"89":0,"90":0,"91":0,"92":0,"93":1,"94":0,"95":0,"96":0,"97":0,"98":0,"99":0,"100":0,"101":0,"102":0,"103":0,"104":0,"105":0,"106":0,"107":0,"108":0,"109":0,"110":0,"111":0,"112":0,"113":0,"114":0,"115":0,"116":0,"117":0,"118":0,"119":0,"120":0,"121":0,"122":0,"123":0,"124":0,"125":0,"126":0,"127":0,"128":0,"129":0,"130":0,"131":0,"132":0,"133":0,"134":0,"135":0,"136":0,"137":0,"138":0,"139":0,"140":0,"141":0,"142":0,"143":0,"144":0,"145":0,"146":0,"147":0,"148":0,"149":0,"150":0,"151":0,"152":0,"153":0,"154":0,"155":0,"156":0,"157":0,"158":0,"159":0,"160":0,"161":0,"162":1,"163":4,"164":0,"165":0,"166":0,"167":0,"168":1,"169":0,"170":0,"171":0,"172":1,"173":1,"174":0,"175":0,"176":0,"177":0,"178":0,"179":0,"180":0,"181":0,"182":1,"183":0,"184":0,"185":0,"186":0,"187":0,"188":0,"189":0,"190":0,"191":0,"192":1,"193":0,"194":0,"195":0,"196":0,"197":0,"198":0,"199":0,"200":0,"201":0,"202":0,"203":0,"204":0,"205":0,"206":0,"207":0,"208":0,"209":0,"210":0,"211":0,"212":0,"213":0,"214":0,"215":0,"216":1,"217":2,"218":0,"219":0,"220":0,"221":0,"222":0,"223":1,"224":0,"225":0,"226":0,"227":0,"228":1,"229":2,"230":0,"231":0,"232":0,"233":0,"234":0,"235":0,"236":0,"237":0,"238":0,"239":0,"240":0,"241":0,"242":1,"243":0,"244":0,"245":0,"246":0,"247":0,"248":0,"249":0,"250":0,"251":0,"252":1,"253":0,"254":0,"255":0,"256":0,"257":0,"258":1,"259":0,"260":0,"261":0,"262":0,"263":0,"264":2,"265":2,"266":0,"267":0,"268":0,"269":0,"270":0,"271":2,"272":0,"273":0,"274":0,"275":0,"276":0,"277":0,"278":0,"279":0,"280":0,"281":0,"282":0,"283":0,"284":0,"285":0,"286":0,"287":0,"288":0,"289":0,"290":0,"291":0,"292":0,"293":0,"294":0,"295":0,"296":0,"297":0,"298":0,"299":0,"300":0,"301":0,"302":0,"303":0,"304":0,"305":0,"306":0,"307":0,"308":0,"309":0,"310":0,"311":0,"312":0,"313":0,"314":0,"315":0,"316":0,"317":0,"318":0,"319":0,"320":1,"321":1,"322":1,"323":0,"324":0,"325":0,"326":0,"327":0,"328":0,"329":1,"330":3,"331":0,"332":3,"333":3,"334":0,"335":0,"336":0,"337":0,"338":0,"339":0,"340":0,"341":0,"342":0,"343":0,"344":0,"345":0,"346":0,"347":0,"348":0,"349":0,"350":0,"351":0,"352":0,"353":0,"354":0,"355":1,"356":6,"357":1,"358":1,"359":1,"360":141,"361":1,"362":1,"363":3,"364":0,"365":0,"366":0,"367":0,"368":0,"369":0,"370":0,"371":0,"372":1,"373":0,"374":0,"375":0,"376":0,"377":1,"378":0,"379":1,"380":0,"381":0,"382":0,"383":0,"384":0,"385":0,"386":0,"387":0,"388":0,"389":0,"390":0,"391":0,"392":0,"393":0,"394":0,"395":0,"396":0,"397":0,"398":0,"399":0,"400":0,"401":0,"402":0,"403":0,"404":0,"405":0,"406":0,"407":0,"408":0,"409":0,"410":0,"411":0,"412":0,"413":0,"414":0,"415":0,"416":0,"417":0,"418":0,"419":0,"420":0,"421":0,"422":0,"423":0,"424":0,"425":0,"426":0,"427":0,"428":0,"429":0,"430":0,"431":0,"432":0,"433":0,"434":0,"435":0,"436":0,"437":0,"438":0,"439":0,"440":0,"441":0,"442":0,"443":0,"444":0,"445":0,"446":0,"447":0,"448":0,"449":0,"450":0,"451":0,"452":3,"453":3,"454":12,"455":1,"456":0,"457":1,"458":1,"459":141,"460":0,"461":0,"462":0,"463":0,"464":0,"465":0,"466":0,"467":0,"468":0,"469":0,"470":0,"471":0,"472":0,"473":0,"474":0,"475":0,"476":0,"477":0,"478":0,"479":0,"480":0,"481":0,"482":0,"483":0,"484":0,"485":0,"486":0,"487":0,"488":0,"489":0,"490":1,"491":1,"492":1,"493":2,"494":0,"495":2,"496":2,"497":2,"498":2,"499":0,"500":1,"501":0,"502":0,"503":0,"504":0,"505":0,"506":0,"507":0,"508":0,"509":1,"510":1,"511":0,"512":0,"513":1,"514":1,"515":1,"516":1,"517":0,"518":1,"519":0,"520":0,"521":0,"522":0,"523":0,"524":0,"525":0,"526":0,"527":0,"528":0,"529":0,"530":0,"531":0,"532":0,"533":0,"534":1,"535":0,"536":1,"537":1,"538":139,"539":139,"540":0,"541":0,"542":7,"543":7,"544":0,"545":0,"546":3,"547":3,"548":0,"549":0,"550":0,"551":0},"f":{"0":1,"1":0,"2":0,"3":4,"4":0,"5":0,"6":0,"7":0,"8":0,"9":0,"10":11,"11":2,"12":0,"13":1,"14":4,"15":0,"16":0,"17":4,"18":4,"19":0,"20":2,"21":0,"22":0,"23":0,"24":0,"25":0,"26":0,"27":0,"28":0,"29":0,"30":0,"31":0,"32":0,"33":0,"34":0,"35":0,"36":0,"37":0,"38":0,"39":0,"40":0,"41":0,"42":0,"43":0,"44":4,"45":0,"46":0,"47":0,"48":0,"49":0,"50":0,"51":0,"52":0,"53":0,"54":0,"55":0,"56":0,"57":0,"58":0,"59":0,"60":0,"61":0,"62":0,"63":0,"64":0,"65":0,"66":0,"67":0,"68":2,"69":0,"70":0,"71":2,"72":0,"73":0,"74":0,"75":0,"76":0,"77":0,"78":2,"79":0,"80":0,"81":0,"82":0,"83":0,"84":0,"85":0,"86":0,"87":0,"88":0,"89":0,"90":0,"91":0,"92":0,"93":0,"94":0,"95":0,"96":0,"97":0,"98":0,"99":0,"100":0,"101":0,"102":0,"103":3,"104":0,"105":0,"106":0,"107":0,"108":1,"109":1,"110":3,"111":0,"112":0,"113":0,"114":0,"115":0,"116":0,"117":0,"118":0,"119":0,"120":0,"121":0,"122":0,"123":0,"124":0,"125":0,"126":0,"127":3,"128":12,"129":1,"130":0,"131":141,"132":0,"133":0,"134":0,"135":0,"136":0,"137":0,"138":0,"139":0,"140":0,"141":0,"142":0,"143":0,"144":0,"145":0,"146":0,"147":0,"148":0,"149":0,"150":0,"151":0,"152":0,"153":2,"154":0,"155":0,"156":0,"157":0,"158":0,"159":0,"160":0,"161":0,"162":0,"163":0,"164":1,"165":139,"166":0,"167":7,"168":0,"169":3,"170":0,"171":0,"172":0,"173":0},"b":{"0":[1,1,1,0,0,0,0,0],"1":[1,0],"2":[0,0],"3":[0,0],"4":[0,1],"5":[1,1],"6":[1,1,1,1],"7":[4,0],"8":[0,0,0],"9":[0,0],"10":[0,0],"11":[0,0],"12":[0,0],"13":[0,0],"14":[0,0],"15":[11,0],"16":[0,2,0],"17":[0,0],"18":[0,0],"19":[0,4],"20":[0,0],"21":[0,0],"22":[0,0],"23":[4,4,4],"24":[4,0],"25":[0,0],"26":[0,0],"27":[0,0],"28":[0,0],"29":[0,0],"30":[0,0],"31":[0,0],"32":[0,0],"33":[0,0],"34":[0,0],"35":[0,0],"36":[0,0],"37":[0,0],"38":[0,0],"39":[0,0],"40":[0,0,0],"41":[0,0],"42":[0,0],"43":[0,0],"44":[0,0],"45":[0,0,0],"46":[0,0],"47":[0,0],"48":[0,0,0,0],"49":[0,0,0],"50":[0,0,0,0],"51":[0,0],"52":[0,0,0,0],"53":[0,0,0],"54":[0,0,0,0],"55":[0,0],"56":[0,0],"57":[0,0],"58":[0,0],"59":[0,0],"60":[0,0],"61":[0,0],"62":[0,0],"63":[0,0],"64":[0,0],"65":[0,0],"66":[0,0],"67":[0,0],"68":[0,0],"69":[0,0],"70":[0,0],"71":[0,0],"72":[0,0],"73":[0,0],"74":[0,0],"75":[0,0],"76":[0,0],"77":[0,0],"78":[0,0],"79":[0,0],"80":[0,0],"81":[0,0],"82":[0,0],"83":[0,0],"84":[0,0],"85":[0,0],"86":[0,0],"87":[0,0],"88":[0,0],"89":[0,0,0],"90":[0,0],"91":[0,0],"92":[0,0],"93":[0,0],"94":[0,0],"95":[0,0],"96":[0,0],"97":[0,0,0],"98":[0,0],"99":[0,0],"100":[0,0],"101":[0,0],"102":[0,0],"103":[0,0],"104":[0,0],"105":[0,0],"106":[0,0],"107":[0,0],"108":[0,0],"109":[0,0],"110":[0,0],"111":[0,0],"112":[0,0],"113":[0,0,0],"114":[0,0],"115":[0,0],"116":[0,0],"117":[0,0],"118":[0,0],"119":[0,0],"120":[0,0],"121":[0,0],"122":[0,0],"123":[0,0],"124":[0,0],"125":[0,0],"126":[0,0],"127":[0,0],"128":[0,0],"129":[0,0],"130":[0,0],"131":[0,0],"132":[0,0],"133":[0,0],"134":[0,0],"135":[0,0],"136":[0,0,0],"137":[0,0],"138":[0,0],"139":[0,0],"140":[0,0],"141":[0,0,0],"142":[0,0],"143":[0,0],"144":[0,0],"145":[0,0],"146":[0,0],"147":[0,0],"148":[0,0],"149":[0,0,0],"150":[0,0,0,0],"151":[0,3],"152":[3,0],"153":[0,0],"154":[0,0],"155":[0,0],"156":[0,0],"157":[141,139],"158":[0,0],"159":[0,0],"160":[0,0],"161":[0,0,0],"162":[0,0],"163":[0,0],"164":[0,0],"165":[0,0],"166":[0,0],"167":[0,0],"168":[0,0],"169":[0,0],"170":[0,0],"171":[0,0],"172":[0,0],"173":[0,0],"174":[0,0],"175":[0,0],"176":[0,0],"177":[0,0],"178":[0,0],"179":[0,0],"180":[0,0,0,0],"181":[0,0],"182":[0,0],"183":[0,0],"184":[0,0,0,0,0,0],"185":[0,0],"186":[0,0],"187":[0,0],"188":[0,0],"189":[0,0],"190":[0,0],"191":[0,0,0,0],"192":[0,0,0,0],"193":[0,0],"194":[0,0],"195":[0,0],"196":[0,0],"197":[0,0],"198":[0,0],"199":[0,0],"200":[0,0],"201":[0,0],"202":[0,0],"203":[0,0,0,0],"204":[0,0],"205":[1,0],"206":[3,3,3],"207":[1,0],"208":[1,1],"209":[1,1,1,1],"210":[141,2],"211":[0,0,0],"212":[0,0],"213":[0,0,0],"214":[0,0],"215":[0,0],"216":[0,0],"217":[0,0],"218":[0,0],"219":[0,0],"220":[0,0],"221":[1,0],"222":[0,0],"223":[0,0],"224":[0,0],"225":[0,0],"226":[0,0],"227":[0,0],"228":[0,0],"229":[0,0],"230":[0,0],"231":[0,0,0],"232":[0,0],"233":[0,0],"234":[0,0],"235":[0,0],"236":[0,0],"237":[0,0],"238":[0,0],"239":[0,0],"240":[0,0],"241":[0,0],"242":[0,0,0,0],"243":[1,0,0]},"_coverageSchema":"332fd63041d2c1bcb487cc26dd0d5f7d97098a6c","hash":"6124b3a4d6596f8a94d250a14b5360ecd67c9ded"}
,"/Applications/MAMP/htdocs/gobelins/resa/papet_booking/js/modules/booking.js": {"path":"/Applications/MAMP/htdocs/gobelins/resa/papet_booking/js/modules/booking.js","statementMap":{"0":{"start":{"line":1,"column":0},"end":{"line":4,"column":1}},"1":{"start":{"line":2,"column":4},"end":{"line":2,"column":40}},"2":{"start":{"line":3,"column":4},"end":{"line":3,"column":44}},"3":{"start":{"line":7,"column":12},"end":{"line":7,"column":16}},"4":{"start":{"line":10,"column":15},"end":{"line":10,"column":25}},"5":{"start":{"line":11,"column":4},"end":{"line":26,"column":7}},"6":{"start":{"line":14,"column":12},"end":{"line":14,"column":31}},"7":{"start":{"line":15,"column":12},"end":{"line":17,"column":15}},"8":{"start":{"line":16,"column":16},"end":{"line":16,"column":93}},"9":{"start":{"line":20,"column":12},"end":{"line":20,"column":30}},"10":{"start":{"line":23,"column":12},"end":{"line":23,"column":30}},"11":{"start":{"line":27,"column":4},"end":{"line":27,"column":25}},"12":{"start":{"line":31,"column":0},"end":{"line":35,"column":15}},"13":{"start":{"line":32,"column":4},"end":{"line":32,"column":39}},"14":{"start":{"line":35,"column":4},"end":{"line":35,"column":15}}},"fnMap":{"0":{"name":"getRooms","decl":{"start":{"line":9,"column":9},"end":{"line":9,"column":17}},"loc":{"start":{"line":9,"column":24},"end":{"line":28,"column":1}},"line":9},"1":{"name":"(anonymous_1)","decl":{"start":{"line":13,"column":20},"end":{"line":13,"column":21}},"loc":{"start":{"line":13,"column":36},"end":{"line":18,"column":9}},"line":13},"2":{"name":"(anonymous_2)","decl":{"start":{"line":15,"column":31},"end":{"line":15,"column":32}},"loc":{"start":{"line":15,"column":53},"end":{"line":17,"column":13}},"line":15},"3":{"name":"(anonymous_3)","decl":{"start":{"line":19,"column":17},"end":{"line":19,"column":18}},"loc":{"start":{"line":19,"column":33},"end":{"line":21,"column":9}},"line":19},"4":{"name":"(anonymous_4)","decl":{"start":{"line":22,"column":19},"end":{"line":22,"column":20}},"loc":{"start":{"line":22,"column":35},"end":{"line":24,"column":9}},"line":22}},"branchMap":{"0":{"loc":{"start":{"line":1,"column":0},"end":{"line":4,"column":1}},"type":"if","locations":[{"start":{"line":1,"column":0},"end":{"line":4,"column":1}},{"start":{"line":1,"column":0},"end":{"line":4,"column":1}}],"line":1},"1":{"loc":{"start":{"line":1,"column":4},"end":{"line":1,"column":74}},"type":"binary-expr","locations":[{"start":{"line":1,"column":4},"end":{"line":1,"column":33}},{"start":{"line":1,"column":37},"end":{"line":1,"column":74}}],"line":1},"2":{"loc":{"start":{"line":10,"column":15},"end":{"line":10,"column":25}},"type":"binary-expr","locations":[{"start":{"line":10,"column":15},"end":{"line":10,"column":19}},{"start":{"line":10,"column":23},"end":{"line":10,"column":25}}],"line":10},"3":{"loc":{"start":{"line":31,"column":0},"end":{"line":35,"column":15}},"type":"if","locations":[{"start":{"line":31,"column":0},"end":{"line":35,"column":15}},{"start":{"line":31,"column":0},"end":{"line":35,"column":15}}],"line":31},"4":{"loc":{"start":{"line":31,"column":4},"end":{"line":31,"column":74}},"type":"binary-expr","locations":[{"start":{"line":31,"column":4},"end":{"line":31,"column":33}},{"start":{"line":31,"column":37},"end":{"line":31,"column":74}}],"line":31}},"s":{"0":1,"1":1,"2":1,"3":1,"4":1,"5":1,"6":0,"7":0,"8":0,"9":1,"10":0,"11":1,"12":1,"13":1,"14":0},"f":{"0":1,"1":0,"2":0,"3":1,"4":0},"b":{"0":[1,0],"1":[1,1],"2":[1,0],"3":[1,0],"4":[1,1]},"_coverageSchema":"332fd63041d2c1bcb487cc26dd0d5f7d97098a6c","hash":"5f55ffdb88f84b47c9c6de5a3051f1c9b20eaecb"}
}
